nohup: ignoring input
Device being used: cuda:0
torch.get_num_threads() : 6
torch.get_num_threads() : 4
conf.TEST.RPN_POST_NMS_TOP_N : 150
self.final_scores_max_num : 50000
self.pre_nms_tubes : 20000
self.post_nms_tubes : 4000
self.max_num_tubes : 2000
self.update_thresh : 15000
self.connection_thresh : 0.75
self.final_scores_update : 50000
self.final_scores_keep : 20000
sample_duration : 16
Loading pretrained weights from ../resnet-34-kinetics.pth
self.sample_duration : 16
Loading pretrained weights from ../ucf_101.pth
910
max_frames : 900
max_actions : 10
step => 0
vid_names[vid_id] : Diving/v_Diving_g03_c06 tensor([1], dtype=torch.int32) n_frames : tensor([115])
target : tensor([6])
vid_names[vid] : Diving/v_Diving_g03_c06 cpu tensor([[115]], device='cuda:0')
keep_idx_i.shape : torch.Size([1092])
nms+translate : 11.076540231704712
keep_idx_i.shape : torch.Size([101])
f_tubes_limits.shape : torch.Size([1092, 2])
gt_temp_max_overlaps : tensor([1.], device='cuda:0')
step => 1
vid_names[vid_id] : Diving/v_Diving_g05_c04 tensor([4], dtype=torch.int32) n_frames : tensor([130])
target : tensor([6])
vid_names[vid] : Diving/v_Diving_g05_c04 cpu tensor([[130]], device='cuda:0')
keep_idx_i.shape : torch.Size([979])
nms+translate : 12.47168517112732
keep_idx_i.shape : torch.Size([116])
f_tubes_limits.shape : torch.Size([979, 2])
gt_temp_max_overlaps : tensor([0.9200], device='cuda:0')
step => 2
vid_names[vid_id] : Diving/v_Diving_g02_c03 tensor([6], dtype=torch.int32) n_frames : tensor([128])
target : tensor([6])
vid_names[vid] : Diving/v_Diving_g02_c03 cpu tensor([[128]], device='cuda:0')
keep_idx_i.shape : torch.Size([1061])
nms+translate : 17.397992849349976
keep_idx_i.shape : torch.Size([112])
f_tubes_limits.shape : torch.Size([1061, 2])
gt_temp_max_overlaps : tensor([0.9674], device='cuda:0')
step => 3
vid_names[vid_id] : Diving/v_Diving_g04_c01 tensor([9], dtype=torch.int32) n_frames : tensor([106])
target : tensor([6])
vid_names[vid] : Diving/v_Diving_g04_c01 cpu tensor([[106]], device='cuda:0')
keep_idx_i.shape : torch.Size([1099])
nms+translate : 9.247118473052979
keep_idx_i.shape : torch.Size([101])
f_tubes_limits.shape : torch.Size([1099, 2])
gt_temp_max_overlaps : tensor([0.9750], device='cuda:0')
step => 4
vid_names[vid_id] : Diving/v_Diving_g04_c03 tensor([13], dtype=torch.int32) n_frames : tensor([146])
target : tensor([6])
vid_names[vid] : Diving/v_Diving_g04_c03 cpu tensor([[146]], device='cuda:0')
keep_idx_i.shape : torch.Size([908])
nms+translate : 8.141379833221436
keep_idx_i.shape : torch.Size([128])
f_tubes_limits.shape : torch.Size([908, 2])
gt_temp_max_overlaps : tensor([0.9870], device='cuda:0')
step => 5
vid_names[vid_id] : Diving/v_Diving_g06_c06 tensor([20], dtype=torch.int32) n_frames : tensor([219])
target : tensor([6])
vid_names[vid] : Diving/v_Diving_g06_c06 cpu tensor([[219]], device='cuda:0')
keep_idx_i.shape : torch.Size([800])
nms+translate : 17.306761264801025
keep_idx_i.shape : torch.Size([121])
f_tubes_limits.shape : torch.Size([800, 2])
gt_temp_max_overlaps : tensor([0.9830], device='cuda:0')
step => 6
vid_names[vid_id] : Diving/v_Diving_g03_c03 tensor([21], dtype=torch.int32) n_frames : tensor([188])
target : tensor([6])
vid_names[vid] : Diving/v_Diving_g03_c03 cpu tensor([[188]], device='cuda:0')
keep_idx_i.shape : torch.Size([859])
nms+translate : 9.532769441604614
keep_idx_i.shape : torch.Size([142])
f_tubes_limits.shape : torch.Size([859, 2])
gt_temp_max_overlaps : tensor([0.9722], device='cuda:0')
step => 7
vid_names[vid_id] : Diving/v_Diving_g03_c05 tensor([26], dtype=torch.int32) n_frames : tensor([248])
target : tensor([6])
vid_names[vid] : Diving/v_Diving_g03_c05 cpu tensor([[248]], device='cuda:0')
keep_idx_i.shape : torch.Size([879])
nms+translate : 11.28902292251587
keep_idx_i.shape : torch.Size([124])
f_tubes_limits.shape : torch.Size([879, 2])
gt_temp_max_overlaps : tensor([1.], device='cuda:0')
step => 8
vid_names[vid_id] : Diving/v_Diving_g01_c02 tensor([31], dtype=torch.int32) n_frames : tensor([282])
target : tensor([6])
vid_names[vid] : Diving/v_Diving_g01_c02 cpu tensor([[282]], device='cuda:0')
keep_idx_i.shape : torch.Size([918])
nms+translate : 12.484113693237305
keep_idx_i.shape : torch.Size([119])
f_tubes_limits.shape : torch.Size([918, 2])
gt_temp_max_overlaps : tensor([0.8478], device='cuda:0')
step => 9
vid_names[vid_id] : Diving/v_Diving_g02_c01 tensor([35], dtype=torch.int32) n_frames : tensor([134])
target : tensor([6])
vid_names[vid] : Diving/v_Diving_g02_c01 cpu tensor([[134]], device='cuda:0')
keep_idx_i.shape : torch.Size([992])
nms+translate : 16.92753767967224
keep_idx_i.shape : torch.Size([116])
f_tubes_limits.shape : torch.Size([992, 2])
gt_temp_max_overlaps : tensor([1.], device='cuda:0')
step => 10
vid_names[vid_id] : Diving/v_Diving_g05_c06 tensor([36], dtype=torch.int32) n_frames : tensor([60])
target : tensor([6])
vid_names[vid] : Diving/v_Diving_g05_c06 cpu tensor([[60]], device='cuda:0')
keep_idx_i.shape : torch.Size([895])
nms+translate : 12.53665018081665
keep_idx_i.shape : torch.Size([54])
f_tubes_limits.shape : torch.Size([895, 2])
gt_temp_max_overlaps : tensor([1.], device='cuda:0')
step => 11
vid_names[vid_id] : Diving/v_Diving_g05_c05 tensor([37], dtype=torch.int32) n_frames : tensor([101])
target : tensor([6])
vid_names[vid] : Diving/v_Diving_g05_c05 cpu tensor([[101]], device='cuda:0')
keep_idx_i.shape : torch.Size([1058])
nms+translate : 7.801047086715698
keep_idx_i.shape : torch.Size([93])
f_tubes_limits.shape : torch.Size([1058, 2])
gt_temp_max_overlaps : tensor([0.9239], device='cuda:0')
step => 12
vid_names[vid_id] : Diving/v_Diving_g06_c04 tensor([38], dtype=torch.int32) n_frames : tensor([216])
target : tensor([6])
vid_names[vid] : Diving/v_Diving_g06_c04 cpu tensor([[216]], device='cuda:0')
keep_idx_i.shape : torch.Size([797])
nms+translate : 16.827531099319458
keep_idx_i.shape : torch.Size([118])
f_tubes_limits.shape : torch.Size([797, 2])
gt_temp_max_overlaps : tensor([0.9936], device='cuda:0')
step => 13
vid_names[vid_id] : Diving/v_Diving_g06_c02 tensor([39], dtype=torch.int32) n_frames : tensor([209])
target : tensor([6])
vid_names[vid] : Diving/v_Diving_g06_c02 cpu tensor([[209]], device='cuda:0')
keep_idx_i.shape : torch.Size([822])
nms+translate : 6.155223369598389
keep_idx_i.shape : torch.Size([136])
f_tubes_limits.shape : torch.Size([822, 2])
gt_temp_max_overlaps : tensor([1.], device='cuda:0')
step => 14
vid_names[vid_id] : Diving/v_Diving_g02_c06 tensor([41], dtype=torch.int32) n_frames : tensor([152])
target : tensor([6])
vid_names[vid] : Diving/v_Diving_g02_c06 cpu tensor([[152]], device='cuda:0')
keep_idx_i.shape : torch.Size([943])
nms+translate : 17.549232006072998
keep_idx_i.shape : torch.Size([131])
f_tubes_limits.shape : torch.Size([943, 2])
gt_temp_max_overlaps : tensor([0.9524], device='cuda:0')
step => 15
vid_names[vid_id] : Diving/v_Diving_g06_c01 tensor([45], dtype=torch.int32) n_frames : tensor([212])
target : tensor([6])
vid_names[vid] : Diving/v_Diving_g06_c01 cpu tensor([[212]], device='cuda:0')
keep_idx_i.shape : torch.Size([796])
nms+translate : 9.095018863677979
keep_idx_i.shape : torch.Size([117])
f_tubes_limits.shape : torch.Size([796, 2])
gt_temp_max_overlaps : tensor([0.9653], device='cuda:0')
step => 16
vid_names[vid_id] : Diving/v_Diving_g02_c04 tensor([50], dtype=torch.int32) n_frames : tensor([160])
target : tensor([6])
vid_names[vid] : Diving/v_Diving_g02_c04 cpu tensor([[160]], device='cuda:0')
keep_idx_i.shape : torch.Size([952])
nms+translate : 15.354761600494385
keep_idx_i.shape : torch.Size([133])
f_tubes_limits.shape : torch.Size([952, 2])
gt_temp_max_overlaps : tensor([0.9815], device='cuda:0')
step => 17
vid_names[vid_id] : Diving/v_Diving_g01_c03 tensor([57], dtype=torch.int32) n_frames : tensor([214])
target : tensor([6])
vid_names[vid] : Diving/v_Diving_g01_c03 cpu tensor([[214]], device='cuda:0')
keep_idx_i.shape : torch.Size([796])
nms+translate : 9.165398359298706
keep_idx_i.shape : torch.Size([116])
f_tubes_limits.shape : torch.Size([796, 2])
gt_temp_max_overlaps : tensor([1.], device='cuda:0')
step => 18
vid_names[vid_id] : Diving/v_Diving_g06_c03 tensor([59], dtype=torch.int32) n_frames : tensor([236])
target : tensor([6])
vid_names[vid] : Diving/v_Diving_g06_c03 cpu tensor([[236]], device='cuda:0')
keep_idx_i.shape : torch.Size([820])
nms+translate : 7.812304973602295
keep_idx_i.shape : torch.Size([117])
f_tubes_limits.shape : torch.Size([820, 2])
gt_temp_max_overlaps : tensor([1.], device='cuda:0')
step => 19
vid_names[vid_id] : Diving/v_Diving_g02_c02 tensor([67], dtype=torch.int32) n_frames : tensor([151])
target : tensor([6])
vid_names[vid] : Diving/v_Diving_g02_c02 cpu tensor([[151]], device='cuda:0')
keep_idx_i.shape : torch.Size([934])
nms+translate : 15.371817111968994
keep_idx_i.shape : torch.Size([123])
f_tubes_limits.shape : torch.Size([934, 2])
gt_temp_max_overlaps : tensor([0.9821], device='cuda:0')
step => 20
vid_names[vid_id] : Diving/v_Diving_g04_c06 tensor([72], dtype=torch.int32) n_frames : tensor([120])
target : tensor([6])
vid_names[vid] : Diving/v_Diving_g04_c06 cpu tensor([[120]], device='cuda:0')
keep_idx_i.shape : torch.Size([1039])
nms+translate : 13.928634643554688
keep_idx_i.shape : torch.Size([110])
f_tubes_limits.shape : torch.Size([1039, 2])
gt_temp_max_overlaps : tensor([1.], device='cuda:0')
step => 21
vid_names[vid_id] : Diving/v_Diving_g01_c07 tensor([73], dtype=torch.int32) n_frames : tensor([243])
target : tensor([6])
vid_names[vid] : Diving/v_Diving_g01_c07 cpu tensor([[243]], device='cuda:0')
keep_idx_i.shape : torch.Size([822])
nms+translate : 7.142542123794556
keep_idx_i.shape : torch.Size([118])
f_tubes_limits.shape : torch.Size([822, 2])
gt_temp_max_overlaps : tensor([0.9286], device='cuda:0')
step => 22
vid_names[vid_id] : Diving/v_Diving_g01_c01 tensor([74], dtype=torch.int32) n_frames : tensor([259])
target : tensor([6])
vid_names[vid] : Diving/v_Diving_g01_c01 cpu tensor([[259]], device='cuda:0')
keep_idx_i.shape : torch.Size([914])
nms+translate : 11.542431831359863
keep_idx_i.shape : torch.Size([131])
f_tubes_limits.shape : torch.Size([914, 2])
gt_temp_max_overlaps : tensor([0.9302], device='cuda:0')
step => 23
vid_names[vid_id] : Diving/v_Diving_g07_c04 tensor([76], dtype=torch.int32) n_frames : tensor([173])
target : tensor([6])
vid_names[vid] : Diving/v_Diving_g07_c04 cpu tensor([[173]], device='cuda:0')
keep_idx_i.shape : torch.Size([956])
nms+translate : 15.304463386535645
keep_idx_i.shape : torch.Size([138])
f_tubes_limits.shape : torch.Size([956, 2])
gt_temp_max_overlaps : tensor([0.9897], device='cuda:0')
step => 24
vid_names[vid_id] : Diving/v_Diving_g07_c03 tensor([80], dtype=torch.int32) n_frames : tensor([216])
target : tensor([6])
vid_names[vid] : Diving/v_Diving_g07_c03 cpu tensor([[216]], device='cuda:0')
keep_idx_i.shape : torch.Size([843])
nms+translate : 4.828465938568115
keep_idx_i.shape : torch.Size([114])
f_tubes_limits.shape : torch.Size([843, 2])
gt_temp_max_overlaps : tensor([0.9514], device='cuda:0')
step => 25
vid_names[vid_id] : Diving/v_Diving_g04_c04 tensor([82], dtype=torch.int32) n_frames : tensor([285])
target : tensor([6])
vid_names[vid] : Diving/v_Diving_g04_c04 cpu tensor([[285]], device='cuda:0')
keep_idx_i.shape : torch.Size([943])
nms+translate : 16.822686195373535
keep_idx_i.shape : torch.Size([118])
f_tubes_limits.shape : torch.Size([943, 2])
gt_temp_max_overlaps : tensor([0.9836], device='cuda:0')
step => 26
vid_names[vid_id] : Diving/v_Diving_g03_c07 tensor([87], dtype=torch.int32) n_frames : tensor([103])
target : tensor([6])
vid_names[vid] : Diving/v_Diving_g03_c07 cpu tensor([[103]], device='cuda:0')
keep_idx_i.shape : torch.Size([1180])
nms+translate : 20.166454076766968
keep_idx_i.shape : torch.Size([91])
f_tubes_limits.shape : torch.Size([1180, 2])
gt_temp_max_overlaps : tensor([1.], device='cuda:0')
step => 27
vid_names[vid_id] : Diving/v_Diving_g04_c05 tensor([89], dtype=torch.int32) n_frames : tensor([150])
target : tensor([6])
vid_names[vid] : Diving/v_Diving_g04_c05 cpu tensor([[150]], device='cuda:0')
keep_idx_i.shape : torch.Size([927])
nms+translate : 5.866986036300659
keep_idx_i.shape : torch.Size([125])
f_tubes_limits.shape : torch.Size([927, 2])
gt_temp_max_overlaps : tensor([0.9688], device='cuda:0')
step => 28
vid_names[vid_id] : Diving/v_Diving_g03_c01 tensor([95], dtype=torch.int32) n_frames : tensor([192])
target : tensor([6])
vid_names[vid] : Diving/v_Diving_g03_c01 cpu tensor([[192]], device='cuda:0')
keep_idx_i.shape : torch.Size([903])
nms+translate : 10.141761064529419
keep_idx_i.shape : torch.Size([147])
f_tubes_limits.shape : torch.Size([903, 2])
gt_temp_max_overlaps : tensor([0.9583], device='cuda:0')
step => 29
vid_names[vid_id] : Diving/v_Diving_g01_c06 tensor([96], dtype=torch.int32) n_frames : tensor([255])
target : tensor([6])
vid_names[vid] : Diving/v_Diving_g01_c06 cpu tensor([[255]], device='cuda:0')
keep_idx_i.shape : torch.Size([878])
nms+translate : 14.268069744110107
keep_idx_i.shape : torch.Size([124])
f_tubes_limits.shape : torch.Size([878, 2])
gt_temp_max_overlaps : tensor([0.9474], device='cuda:0')
step => 30
vid_names[vid_id] : Diving/v_Diving_g04_c07 tensor([97], dtype=torch.int32) n_frames : tensor([150])
target : tensor([6])
vid_names[vid] : Diving/v_Diving_g04_c07 cpu tensor([[150]], device='cuda:0')
keep_idx_i.shape : torch.Size([963])
nms+translate : 9.926496505737305
keep_idx_i.shape : torch.Size([125])
f_tubes_limits.shape : torch.Size([963, 2])
gt_temp_max_overlaps : tensor([0.9815], device='cuda:0')
step => 31
vid_names[vid_id] : Diving/v_Diving_g05_c01 tensor([98], dtype=torch.int32) n_frames : tensor([110])
target : tensor([6])
vid_names[vid] : Diving/v_Diving_g05_c01 cpu tensor([[110]], device='cuda:0')
keep_idx_i.shape : torch.Size([1102])
nms+translate : 13.255949020385742
keep_idx_i.shape : torch.Size([100])
f_tubes_limits.shape : torch.Size([1102, 2])
gt_temp_max_overlaps : tensor([0.9625], device='cuda:0')
step => 32
vid_names[vid_id] : Diving/v_Diving_g03_c04 tensor([103], dtype=torch.int32) n_frames : tensor([198])
target : tensor([6])
vid_names[vid] : Diving/v_Diving_g03_c04 cpu tensor([[198]], device='cuda:0')
keep_idx_i.shape : torch.Size([812])
nms+translate : 14.300184965133667
keep_idx_i.shape : torch.Size([136])
f_tubes_limits.shape : torch.Size([812, 2])
gt_temp_max_overlaps : tensor([0.9514], device='cuda:0')
step => 33
vid_names[vid_id] : Diving/v_Diving_g06_c07 tensor([104], dtype=torch.int32) n_frames : tensor([242])
target : tensor([6])
vid_names[vid] : Diving/v_Diving_g06_c07 cpu tensor([[242]], device='cuda:0')
keep_idx_i.shape : torch.Size([815])
nms+translate : 10.645595073699951
keep_idx_i.shape : torch.Size([116])
f_tubes_limits.shape : torch.Size([815, 2])
gt_temp_max_overlaps : tensor([0.9936], device='cuda:0')
step => 34
vid_names[vid_id] : Diving/v_Diving_g01_c05 tensor([110], dtype=torch.int32) n_frames : tensor([234])
target : tensor([6])
vid_names[vid] : Diving/v_Diving_g01_c05 cpu tensor([[234]], device='cuda:0')
keep_idx_i.shape : torch.Size([837])
nms+translate : 9.378085851669312
keep_idx_i.shape : torch.Size([114])
f_tubes_limits.shape : torch.Size([837, 2])
gt_temp_max_overlaps : tensor([0.9922], device='cuda:0')
step => 35
vid_names[vid_id] : Diving/v_Diving_g07_c01 tensor([111], dtype=torch.int32) n_frames : tensor([179])
target : tensor([6])
vid_names[vid] : Diving/v_Diving_g07_c01 cpu tensor([[179]], device='cuda:0')
keep_idx_i.shape : torch.Size([836])
nms+translate : 17.00132441520691
keep_idx_i.shape : torch.Size([146])
f_tubes_limits.shape : torch.Size([836, 2])
gt_temp_max_overlaps : tensor([0.9722], device='cuda:0')
step => 36
vid_names[vid_id] : Diving/v_Diving_g02_c07 tensor([112], dtype=torch.int32) n_frames : tensor([123])
target : tensor([6])
vid_names[vid] : Diving/v_Diving_g02_c07 cpu tensor([[123]], device='cuda:0')
keep_idx_i.shape : torch.Size([1044])
nms+translate : 7.60151481628418
keep_idx_i.shape : torch.Size([114])
f_tubes_limits.shape : torch.Size([1044, 2])
gt_temp_max_overlaps : tensor([0.9500], device='cuda:0')
step => 37
vid_names[vid_id] : Diving/v_Diving_g03_c02 tensor([114], dtype=torch.int32) n_frames : tensor([192])
target : tensor([6])
vid_names[vid] : Diving/v_Diving_g03_c02 cpu tensor([[192]], device='cuda:0')
keep_idx_i.shape : torch.Size([926])
nms+translate : 15.80279541015625
keep_idx_i.shape : torch.Size([150])
f_tubes_limits.shape : torch.Size([926, 2])
gt_temp_max_overlaps : tensor([0.9801], device='cuda:0')
step => 38
vid_names[vid_id] : Diving/v_Diving_g01_c04 tensor([120], dtype=torch.int32) n_frames : tensor([232])
target : tensor([6])
vid_names[vid] : Diving/v_Diving_g01_c04 cpu tensor([[232]], device='cuda:0')
keep_idx_i.shape : torch.Size([805])
nms+translate : 13.04152536392212
keep_idx_i.shape : torch.Size([118])
f_tubes_limits.shape : torch.Size([805, 2])
gt_temp_max_overlaps : tensor([0.9134], device='cuda:0')
step => 39
vid_names[vid_id] : Diving/v_Diving_g05_c02 tensor([124], dtype=torch.int32) n_frames : tensor([158])
target : tensor([6])
vid_names[vid] : Diving/v_Diving_g05_c02 cpu tensor([[158]], device='cuda:0')
keep_idx_i.shape : torch.Size([972])
nms+translate : 8.830785512924194
keep_idx_i.shape : torch.Size([130])
f_tubes_limits.shape : torch.Size([972, 2])
gt_temp_max_overlaps : tensor([0.9327], device='cuda:0')
step => 40
vid_names[vid_id] : Diving/v_Diving_g04_c02 tensor([127], dtype=torch.int32) n_frames : tensor([98])
target : tensor([6])
vid_names[vid] : Diving/v_Diving_g04_c02 cpu tensor([[98]], device='cuda:0')
keep_idx_i.shape : torch.Size([1042])
nms+translate : 11.240082025527954
keep_idx_i.shape : torch.Size([92])
f_tubes_limits.shape : torch.Size([1042, 2])
gt_temp_max_overlaps : tensor([0.9821], device='cuda:0')
step => 41
vid_names[vid_id] : Diving/v_Diving_g07_c02 tensor([137], dtype=torch.int32) n_frames : tensor([158])
target : tensor([6])
vid_names[vid] : Diving/v_Diving_g07_c02 cpu tensor([[158]], device='cuda:0')
keep_idx_i.shape : torch.Size([1053])
nms+translate : 9.881056785583496
keep_idx_i.shape : torch.Size([130])
f_tubes_limits.shape : torch.Size([1053, 2])
gt_temp_max_overlaps : tensor([0.9492], device='cuda:0')
step => 42
vid_names[vid_id] : Diving/v_Diving_g02_c05 tensor([141], dtype=torch.int32) n_frames : tensor([200])
target : tensor([6])
vid_names[vid] : Diving/v_Diving_g02_c05 cpu tensor([[200]], device='cuda:0')
keep_idx_i.shape : torch.Size([632])
nms+translate : 11.592854261398315
keep_idx_i.shape : torch.Size([122])
f_tubes_limits.shape : torch.Size([632, 2])
gt_temp_max_overlaps : tensor([1.], device='cuda:0')
step => 43
vid_names[vid_id] : Diving/v_Diving_g05_c03 tensor([142], dtype=torch.int32) n_frames : tensor([106])
target : tensor([6])
vid_names[vid] : Diving/v_Diving_g05_c03 cpu tensor([[106]], device='cuda:0')
keep_idx_i.shape : torch.Size([1081])
nms+translate : 9.343894481658936
keep_idx_i.shape : torch.Size([102])
f_tubes_limits.shape : torch.Size([1081, 2])
gt_temp_max_overlaps : tensor([1.], device='cuda:0')
step => 44
vid_names[vid_id] : Diving/v_Diving_g06_c05 tensor([146], dtype=torch.int32) n_frames : tensor([125])
target : tensor([6])
vid_names[vid] : Diving/v_Diving_g06_c05 cpu tensor([[125]], device='cuda:0')
keep_idx_i.shape : torch.Size([1071])
nms+translate : 12.160237312316895
keep_idx_i.shape : torch.Size([115])
f_tubes_limits.shape : torch.Size([1071, 2])
gt_temp_max_overlaps : tensor([0.9750], device='cuda:0')
step => 45
vid_names[vid_id] : BasketballDunk/v_BasketballDunk_g06_c03 tensor([153], dtype=torch.int32) n_frames : tensor([53])
target : tensor([2])
vid_names[vid] : BasketballDunk/v_BasketballDunk_g06_c03 cpu tensor([[53]], device='cuda:0')
keep_idx_i.shape : torch.Size([875])
nms+translate : 15.01705002784729
keep_idx_i.shape : torch.Size([46])
f_tubes_limits.shape : torch.Size([875, 2])
gt_temp_max_overlaps : tensor([0.9091], device='cuda:0')
step => 46
vid_names[vid_id] : BasketballDunk/v_BasketballDunk_g06_c02 tensor([154], dtype=torch.int32) n_frames : tensor([61])
target : tensor([2])
vid_names[vid] : BasketballDunk/v_BasketballDunk_g06_c02 cpu tensor([[61]], device='cuda:0')
keep_idx_i.shape : torch.Size([925])
nms+translate : 7.815690755844116
keep_idx_i.shape : torch.Size([54])
f_tubes_limits.shape : torch.Size([925, 2])
gt_temp_max_overlaps : tensor([0.9574], device='cuda:0')
step => 47
vid_names[vid_id] : BasketballDunk/v_BasketballDunk_g01_c06 tensor([159], dtype=torch.int32) n_frames : tensor([80])
target : tensor([2])
vid_names[vid] : BasketballDunk/v_BasketballDunk_g01_c06 cpu tensor([[80]], device='cuda:0')
keep_idx_i.shape : torch.Size([919])
nms+translate : 15.465950727462769
keep_idx_i.shape : torch.Size([77])
f_tubes_limits.shape : torch.Size([919, 2])
gt_temp_max_overlaps : tensor([0.9375], device='cuda:0')
step => 48
vid_names[vid_id] : BasketballDunk/v_BasketballDunk_g01_c04 tensor([161], dtype=torch.int32) n_frames : tensor([61])
target : tensor([2])
vid_names[vid] : BasketballDunk/v_BasketballDunk_g01_c04 cpu tensor([[61]], device='cuda:0')
keep_idx_i.shape : torch.Size([808])
nms+translate : 5.656198263168335
keep_idx_i.shape : torch.Size([53])
f_tubes_limits.shape : torch.Size([808, 2])
gt_temp_max_overlaps : tensor([0.8788], device='cuda:0')
step => 49
vid_names[vid_id] : BasketballDunk/v_BasketballDunk_g01_c07 tensor([162], dtype=torch.int32) n_frames : tensor([57])
target : tensor([2])
vid_names[vid] : BasketballDunk/v_BasketballDunk_g01_c07 cpu tensor([[57]], device='cuda:0')
keep_idx_i.shape : torch.Size([804])
nms+translate : 6.396842956542969
keep_idx_i.shape : torch.Size([50])
f_tubes_limits.shape : torch.Size([804, 2])
gt_temp_max_overlaps : tensor([0.9756], device='cuda:0')
step => 50
vid_names[vid_id] : BasketballDunk/v_BasketballDunk_g05_c01 tensor([164], dtype=torch.int32) n_frames : tensor([52])
target : tensor([2])
vid_names[vid] : BasketballDunk/v_BasketballDunk_g05_c01 cpu tensor([[52]], device='cuda:0')
keep_idx_i.shape : torch.Size([777])
nms+translate : 15.877779722213745
keep_idx_i.shape : torch.Size([44])
f_tubes_limits.shape : torch.Size([777, 2])
gt_temp_max_overlaps : tensor([0.9062], device='cuda:0')
step => 51
vid_names[vid_id] : BasketballDunk/v_BasketballDunk_g01_c03 tensor([165], dtype=torch.int32) n_frames : tensor([71])
target : tensor([2])
vid_names[vid] : BasketballDunk/v_BasketballDunk_g01_c03 cpu tensor([[71]], device='cuda:0')
keep_idx_i.shape : torch.Size([929])
nms+translate : 9.023258924484253
keep_idx_i.shape : torch.Size([68])
f_tubes_limits.shape : torch.Size([929, 2])
gt_temp_max_overlaps : tensor([0.8732], device='cuda:0')
step => 52
vid_names[vid_id] : BasketballDunk/v_BasketballDunk_g07_c05 tensor([175], dtype=torch.int32) n_frames : tensor([37])
target : tensor([2])
vid_names[vid] : BasketballDunk/v_BasketballDunk_g07_c05 cpu tensor([[37]], device='cuda:0')
keep_idx_i.shape : torch.Size([294])
nms+translate : 1.4858205318450928
keep_idx_i.shape : torch.Size([21])
f_tubes_limits.shape : torch.Size([294, 2])
gt_temp_max_overlaps : tensor([0.9394], device='cuda:0')
step => 53
vid_names[vid_id] : BasketballDunk/v_BasketballDunk_g03_c04 tensor([177], dtype=torch.int32) n_frames : tensor([81])
target : tensor([2])
vid_names[vid] : BasketballDunk/v_BasketballDunk_g03_c04 cpu tensor([[81]], device='cuda:0')
keep_idx_i.shape : torch.Size([918])
nms+translate : 14.526800394058228
keep_idx_i.shape : torch.Size([76])
f_tubes_limits.shape : torch.Size([918, 2])
gt_temp_max_overlaps : tensor([0.9375], device='cuda:0')
step => 54
vid_names[vid_id] : BasketballDunk/v_BasketballDunk_g03_c01 tensor([180], dtype=torch.int32) n_frames : tensor([58])
target : tensor([2])
vid_names[vid] : BasketballDunk/v_BasketballDunk_g03_c01 cpu tensor([[58]], device='cuda:0')
keep_idx_i.shape : torch.Size([853])
nms+translate : 7.03146505355835
keep_idx_i.shape : torch.Size([52])
f_tubes_limits.shape : torch.Size([853, 2])
gt_temp_max_overlaps : tensor([0.9737], device='cuda:0')
step => 55
vid_names[vid_id] : BasketballDunk/v_BasketballDunk_g04_c03 tensor([185], dtype=torch.int32) n_frames : tensor([62])
target : tensor([2])
vid_names[vid] : BasketballDunk/v_BasketballDunk_g04_c03 cpu tensor([[62]], device='cuda:0')
keep_idx_i.shape : torch.Size([938])
nms+translate : 15.171287298202515
keep_idx_i.shape : torch.Size([60])
f_tubes_limits.shape : torch.Size([938, 2])
gt_temp_max_overlaps : tensor([0.8947], device='cuda:0')
step => 56
vid_names[vid_id] : BasketballDunk/v_BasketballDunk_g05_c04 tensor([191], dtype=torch.int32) n_frames : tensor([52])
target : tensor([2])
vid_names[vid] : BasketballDunk/v_BasketballDunk_g05_c04 cpu tensor([[52]], device='cuda:0')
keep_idx_i.shape : torch.Size([847])
nms+translate : 5.805032730102539
keep_idx_i.shape : torch.Size([46])
f_tubes_limits.shape : torch.Size([847, 2])
gt_temp_max_overlaps : tensor([1.], device='cuda:0')
step => 57
vid_names[vid_id] : BasketballDunk/v_BasketballDunk_g03_c03 tensor([192], dtype=torch.int32) n_frames : tensor([74])
target : tensor([2])
vid_names[vid] : BasketballDunk/v_BasketballDunk_g03_c03 cpu tensor([[74]], device='cuda:0')
keep_idx_i.shape : torch.Size([1021])
nms+translate : 7.791982412338257
keep_idx_i.shape : torch.Size([73])
f_tubes_limits.shape : torch.Size([1021, 2])
gt_temp_max_overlaps : tensor([0.8837], device='cuda:0')
step => 58
vid_names[vid_id] : BasketballDunk/v_BasketballDunk_g07_c01 tensor([193], dtype=torch.int32) n_frames : tensor([42])
target : tensor([2])
vid_names[vid] : BasketballDunk/v_BasketballDunk_g07_c01 cpu tensor([[42]], device='cuda:0')
keep_idx_i.shape : torch.Size([544])
nms+translate : 11.957356929779053
keep_idx_i.shape : torch.Size([30])
f_tubes_limits.shape : torch.Size([544, 2])
gt_temp_max_overlaps : tensor([1.], device='cuda:0')
step => 59
vid_names[vid_id] : BasketballDunk/v_BasketballDunk_g05_c05 tensor([198], dtype=torch.int32) n_frames : tensor([53])
target : tensor([2])
vid_names[vid] : BasketballDunk/v_BasketballDunk_g05_c05 cpu tensor([[53]], device='cuda:0')
keep_idx_i.shape : torch.Size([802])
nms+translate : 6.507575035095215
keep_idx_i.shape : torch.Size([46])
f_tubes_limits.shape : torch.Size([802, 2])
gt_temp_max_overlaps : tensor([0.9737], device='cuda:0')
step => 60
vid_names[vid_id] : BasketballDunk/v_BasketballDunk_g06_c04 tensor([202], dtype=torch.int32) n_frames : tensor([63])
target : tensor([2])
vid_names[vid] : BasketballDunk/v_BasketballDunk_g06_c04 cpu tensor([[63]], device='cuda:0')
keep_idx_i.shape : torch.Size([968])
nms+translate : 16.118382692337036
keep_idx_i.shape : torch.Size([58])
f_tubes_limits.shape : torch.Size([968, 2])
gt_temp_max_overlaps : tensor([0.9400], device='cuda:0')
step => 61
vid_names[vid_id] : BasketballDunk/v_BasketballDunk_g02_c03 tensor([208], dtype=torch.int32) n_frames : tensor([71])
target : tensor([2])
vid_names[vid] : BasketballDunk/v_BasketballDunk_g02_c03 cpu tensor([[71]], device='cuda:0')
keep_idx_i.shape : torch.Size([884])
nms+translate : 7.291240215301514
keep_idx_i.shape : torch.Size([67])
f_tubes_limits.shape : torch.Size([884, 2])
gt_temp_max_overlaps : tensor([1.], device='cuda:0')
step => 62
vid_names[vid_id] : BasketballDunk/v_BasketballDunk_g04_c04 tensor([209], dtype=torch.int32) n_frames : tensor([48])
target : tensor([2])
vid_names[vid] : BasketballDunk/v_BasketballDunk_g04_c04 cpu tensor([[48]], device='cuda:0')
keep_idx_i.shape : torch.Size([858])
nms+translate : 11.784592390060425
keep_idx_i.shape : torch.Size([37])
f_tubes_limits.shape : torch.Size([858, 2])
gt_temp_max_overlaps : tensor([0.9688], device='cuda:0')
step => 63
vid_names[vid_id] : BasketballDunk/v_BasketballDunk_g05_c02 tensor([210], dtype=torch.int32) n_frames : tensor([80])
target : tensor([2])
vid_names[vid] : BasketballDunk/v_BasketballDunk_g05_c02 cpu tensor([[80]], device='cuda:0')
keep_idx_i.shape : torch.Size([923])
nms+translate : 12.021078109741211
keep_idx_i.shape : torch.Size([76])
f_tubes_limits.shape : torch.Size([923, 2])
gt_temp_max_overlaps : tensor([0.9143], device='cuda:0')
step => 64
vid_names[vid_id] : BasketballDunk/v_BasketballDunk_g01_c05 tensor([212], dtype=torch.int32) n_frames : tensor([66])
target : tensor([2])
vid_names[vid] : BasketballDunk/v_BasketballDunk_g01_c05 cpu tensor([[66]], device='cuda:0')
keep_idx_i.shape : torch.Size([884])
nms+translate : 6.883386135101318
keep_idx_i.shape : torch.Size([65])
f_tubes_limits.shape : torch.Size([884, 2])
gt_temp_max_overlaps : tensor([0.9524], device='cuda:0')
step => 65
vid_names[vid_id] : BasketballDunk/v_BasketballDunk_g07_c02 tensor([213], dtype=torch.int32) n_frames : tensor([35])
target : tensor([2])
vid_names[vid] : BasketballDunk/v_BasketballDunk_g07_c02 cpu tensor([[35]], device='cuda:0')
keep_idx_i.shape : torch.Size([264])
nms+translate : 1.9649200439453125
keep_idx_i.shape : torch.Size([19])
f_tubes_limits.shape : torch.Size([264, 2])
gt_temp_max_overlaps : tensor([0.9355], device='cuda:0')
step => 66
vid_names[vid_id] : BasketballDunk/v_BasketballDunk_g04_c01 tensor([228], dtype=torch.int32) n_frames : tensor([51])
target : tensor([2])
vid_names[vid] : BasketballDunk/v_BasketballDunk_g04_c01 cpu tensor([[51]], device='cuda:0')
keep_idx_i.shape : torch.Size([773])
nms+translate : 12.761628150939941
keep_idx_i.shape : torch.Size([44])
f_tubes_limits.shape : torch.Size([773, 2])
gt_temp_max_overlaps : tensor([1.], device='cuda:0')
step => 67
vid_names[vid_id] : BasketballDunk/v_BasketballDunk_g05_c06 tensor([230], dtype=torch.int32) n_frames : tensor([84])
target : tensor([2])
vid_names[vid] : BasketballDunk/v_BasketballDunk_g05_c06 cpu tensor([[84]], device='cuda:0')
keep_idx_i.shape : torch.Size([940])
nms+translate : 7.094167947769165
keep_idx_i.shape : torch.Size([84])
f_tubes_limits.shape : torch.Size([940, 2])
gt_temp_max_overlaps : tensor([0.8889], device='cuda:0')
step => 68
vid_names[vid_id] : BasketballDunk/v_BasketballDunk_g05_c03 tensor([231], dtype=torch.int32) n_frames : tensor([56])
target : tensor([2])
vid_names[vid] : BasketballDunk/v_BasketballDunk_g05_c03 cpu tensor([[56]], device='cuda:0')
keep_idx_i.shape : torch.Size([849])
nms+translate : 12.54434871673584
keep_idx_i.shape : torch.Size([47])
f_tubes_limits.shape : torch.Size([849, 2])
gt_temp_max_overlaps : tensor([0.9375], device='cuda:0')
step => 69
vid_names[vid_id] : BasketballDunk/v_BasketballDunk_g01_c01 tensor([233], dtype=torch.int32) n_frames : tensor([61])
target : tensor([2])
vid_names[vid] : BasketballDunk/v_BasketballDunk_g01_c01 cpu tensor([[61]], device='cuda:0')
keep_idx_i.shape : torch.Size([811])
nms+translate : 6.142477750778198
keep_idx_i.shape : torch.Size([54])
f_tubes_limits.shape : torch.Size([811, 2])
gt_temp_max_overlaps : tensor([1.], device='cuda:0')
step => 70
vid_names[vid_id] : BasketballDunk/v_BasketballDunk_g02_c02 tensor([234], dtype=torch.int32) n_frames : tensor([109])
target : tensor([2])
vid_names[vid] : BasketballDunk/v_BasketballDunk_g02_c02 cpu tensor([[109]], device='cuda:0')
keep_idx_i.shape : torch.Size([1056])
nms+translate : 14.946855783462524
keep_idx_i.shape : torch.Size([99])
f_tubes_limits.shape : torch.Size([1056, 2])
gt_temp_max_overlaps : tensor([0.8800, 0.9815], device='cuda:0')
step => 71
vid_names[vid_id] : BasketballDunk/v_BasketballDunk_g07_c06 tensor([235], dtype=torch.int32) n_frames : tensor([51])
target : tensor([2])
vid_names[vid] : BasketballDunk/v_BasketballDunk_g07_c06 cpu tensor([[51]], device='cuda:0')
keep_idx_i.shape : torch.Size([799])
nms+translate : 12.31199598312378
keep_idx_i.shape : torch.Size([45])
f_tubes_limits.shape : torch.Size([799, 2])
gt_temp_max_overlaps : tensor([0.9714], device='cuda:0')
step => 72
vid_names[vid_id] : BasketballDunk/v_BasketballDunk_g07_c04 tensor([242], dtype=torch.int32) n_frames : tensor([46])
target : tensor([2])
vid_names[vid] : BasketballDunk/v_BasketballDunk_g07_c04 cpu tensor([[46]], device='cuda:0')
keep_idx_i.shape : torch.Size([743])
nms+translate : 6.407146453857422
keep_idx_i.shape : torch.Size([36])
f_tubes_limits.shape : torch.Size([743, 2])
gt_temp_max_overlaps : tensor([1.], device='cuda:0')
step => 73
vid_names[vid_id] : BasketballDunk/v_BasketballDunk_g01_c02 tensor([246], dtype=torch.int32) n_frames : tensor([65])
target : tensor([2])
vid_names[vid] : BasketballDunk/v_BasketballDunk_g01_c02 cpu tensor([[65]], device='cuda:0')
keep_idx_i.shape : torch.Size([849])
nms+translate : 7.2861974239349365
keep_idx_i.shape : torch.Size([60])
f_tubes_limits.shape : torch.Size([849, 2])
gt_temp_max_overlaps : tensor([0.8889], device='cuda:0')
step => 74
vid_names[vid_id] : BasketballDunk/v_BasketballDunk_g02_c01 tensor([249], dtype=torch.int32) n_frames : tensor([56])
target : tensor([2])
vid_names[vid] : BasketballDunk/v_BasketballDunk_g02_c01 cpu tensor([[56]], device='cuda:0')
keep_idx_i.shape : torch.Size([821])
nms+translate : 11.274511098861694
keep_idx_i.shape : torch.Size([47])
f_tubes_limits.shape : torch.Size([821, 2])
gt_temp_max_overlaps : tensor([0.9032], device='cuda:0')
step => 75
vid_names[vid_id] : BasketballDunk/v_BasketballDunk_g03_c06 tensor([253], dtype=torch.int32) n_frames : tensor([66])
target : tensor([2])
vid_names[vid] : BasketballDunk/v_BasketballDunk_g03_c06 cpu tensor([[66]], device='cuda:0')
keep_idx_i.shape : torch.Size([873])
nms+translate : 8.95449423789978
keep_idx_i.shape : torch.Size([65])
f_tubes_limits.shape : torch.Size([873, 2])
gt_temp_max_overlaps : tensor([0.9048], device='cuda:0')
step => 76
vid_names[vid_id] : BasketballDunk/v_BasketballDunk_g03_c02 tensor([254], dtype=torch.int32) n_frames : tensor([76])
target : tensor([2])
vid_names[vid] : BasketballDunk/v_BasketballDunk_g03_c02 cpu tensor([[76]], device='cuda:0')
keep_idx_i.shape : torch.Size([891])
nms+translate : 14.191202878952026
keep_idx_i.shape : torch.Size([74])
f_tubes_limits.shape : torch.Size([891, 2])
gt_temp_max_overlaps : tensor([0.9189], device='cuda:0')
step => 77
vid_names[vid_id] : BasketballDunk/v_BasketballDunk_g02_c04 tensor([256], dtype=torch.int32) n_frames : tensor([58])
target : tensor([2])
vid_names[vid] : BasketballDunk/v_BasketballDunk_g02_c04 cpu tensor([[58]], device='cuda:0')
keep_idx_i.shape : torch.Size([916])
nms+translate : 7.501180648803711
keep_idx_i.shape : torch.Size([52])
f_tubes_limits.shape : torch.Size([916, 2])
gt_temp_max_overlaps : tensor([0.9767], device='cuda:0')
step => 78
vid_names[vid_id] : BasketballDunk/v_BasketballDunk_g06_c01 tensor([258], dtype=torch.int32) n_frames : tensor([52])
target : tensor([2])
vid_names[vid] : BasketballDunk/v_BasketballDunk_g06_c01 cpu tensor([[52]], device='cuda:0')
keep_idx_i.shape : torch.Size([817])
nms+translate : 12.114398717880249
keep_idx_i.shape : torch.Size([44])
f_tubes_limits.shape : torch.Size([817, 2])
gt_temp_max_overlaps : tensor([0.9231], device='cuda:0')
step => 79
vid_names[vid_id] : BasketballDunk/v_BasketballDunk_g04_c02 tensor([271], dtype=torch.int32) n_frames : tensor([55])
target : tensor([2])
vid_names[vid] : BasketballDunk/v_BasketballDunk_g04_c02 cpu tensor([[55]], device='cuda:0')
keep_idx_i.shape : torch.Size([828])
nms+translate : 7.648146390914917
keep_idx_i.shape : torch.Size([46])
f_tubes_limits.shape : torch.Size([828, 2])
gt_temp_max_overlaps : tensor([0.9714], device='cuda:0')
step => 80
vid_names[vid_id] : BasketballDunk/v_BasketballDunk_g07_c03 tensor([272], dtype=torch.int32) n_frames : tensor([53])
target : tensor([2])
vid_names[vid] : BasketballDunk/v_BasketballDunk_g07_c03 cpu tensor([[53]], device='cuda:0')
keep_idx_i.shape : torch.Size([878])
nms+translate : 8.551053285598755
keep_idx_i.shape : torch.Size([46])
f_tubes_limits.shape : torch.Size([878, 2])
gt_temp_max_overlaps : tensor([1.], device='cuda:0')
step => 81
vid_names[vid_id] : BasketballDunk/v_BasketballDunk_g03_c05 tensor([275], dtype=torch.int32) n_frames : tensor([71])
target : tensor([2])
vid_names[vid] : BasketballDunk/v_BasketballDunk_g03_c05 cpu tensor([[71]], device='cuda:0')
keep_idx_i.shape : torch.Size([884])
nms+translate : 12.78053092956543
keep_idx_i.shape : torch.Size([67])
f_tubes_limits.shape : torch.Size([884, 2])
gt_temp_max_overlaps : tensor([0.9375], device='cuda:0')
step => 82
vid_names[vid_id] : GolfSwing/v_GolfSwing_g04_c05 tensor([285], dtype=torch.int32) n_frames : tensor([345])
target : tensor([9])
vid_names[vid] : GolfSwing/v_GolfSwing_g04_c05 cpu tensor([[345]], device='cuda:0')
keep_idx_i.shape : torch.Size([68])
nms+translate : 1.1620631217956543
keep_idx_i.shape : torch.Size([60])
f_tubes_limits.shape : torch.Size([68, 2])
gt_temp_max_overlaps : tensor([0.8944], device='cuda:0')
step => 83
vid_names[vid_id] : GolfSwing/v_GolfSwing_g05_c02 tensor([286], dtype=torch.int32) n_frames : tensor([96])
target : tensor([9])
vid_names[vid] : GolfSwing/v_GolfSwing_g05_c02 cpu tensor([[96]], device='cuda:0')
keep_idx_i.shape : torch.Size([569])
nms+translate : 3.348583698272705
keep_idx_i.shape : torch.Size([77])
f_tubes_limits.shape : torch.Size([569, 2])
gt_temp_max_overlaps : tensor([1.], device='cuda:0')
step => 84
vid_names[vid_id] : GolfSwing/v_GolfSwing_g02_c01 tensor([287], dtype=torch.int32) n_frames : tensor([140])
target : tensor([9])
vid_names[vid] : GolfSwing/v_GolfSwing_g02_c01 cpu tensor([[140]], device='cuda:0')
keep_idx_i.shape : torch.Size([981])
nms+translate : 16.811955451965332
keep_idx_i.shape : torch.Size([101])
f_tubes_limits.shape : torch.Size([981, 2])
gt_temp_max_overlaps : tensor([0.9739], device='cuda:0')
step => 85
vid_names[vid_id] : GolfSwing/v_GolfSwing_g04_c03 tensor([291], dtype=torch.int32) n_frames : tensor([171])
target : tensor([9])
vid_names[vid] : GolfSwing/v_GolfSwing_g04_c03 cpu tensor([[171]], device='cuda:0')
keep_idx_i.shape : torch.Size([592])
nms+translate : 3.7585535049438477
keep_idx_i.shape : torch.Size([129])
f_tubes_limits.shape : torch.Size([592, 2])
gt_temp_max_overlaps : tensor([0.9730], device='cuda:0')
step => 86
vid_names[vid_id] : GolfSwing/v_GolfSwing_g01_c02 tensor([295], dtype=torch.int32) n_frames : tensor([96])
target : tensor([9])
vid_names[vid] : GolfSwing/v_GolfSwing_g01_c02 cpu tensor([[96]], device='cuda:0')
keep_idx_i.shape : torch.Size([1155])
nms+translate : 12.563720703125
keep_idx_i.shape : torch.Size([91])
f_tubes_limits.shape : torch.Size([1155, 2])
gt_temp_max_overlaps : tensor([1.], device='cuda:0')
step => 87
vid_names[vid_id] : GolfSwing/v_GolfSwing_g02_c04 tensor([296], dtype=torch.int32) n_frames : tensor([122])
target : tensor([9])
vid_names[vid] : GolfSwing/v_GolfSwing_g02_c04 cpu tensor([[122]], device='cuda:0')
keep_idx_i.shape : torch.Size([1092])
nms+translate : 18.634029150009155
keep_idx_i.shape : torch.Size([109])
f_tubes_limits.shape : torch.Size([1092, 2])
gt_temp_max_overlaps : tensor([1.], device='cuda:0')
step => 88
vid_names[vid_id] : GolfSwing/v_GolfSwing_g07_c05 tensor([297], dtype=torch.int32) n_frames : tensor([135])
target : tensor([9])
vid_names[vid] : GolfSwing/v_GolfSwing_g07_c05 cpu tensor([[135]], device='cuda:0')
keep_idx_i.shape : torch.Size([633])
nms+translate : 5.2655861377716064
keep_idx_i.shape : torch.Size([85])
f_tubes_limits.shape : torch.Size([633, 2])
gt_temp_max_overlaps : tensor([0.9912], device='cuda:0')
step => 89
vid_names[vid_id] : GolfSwing/v_GolfSwing_g05_c04 tensor([303], dtype=torch.int32) n_frames : tensor([162])
target : tensor([9])
vid_names[vid] : GolfSwing/v_GolfSwing_g05_c04 cpu tensor([[162]], device='cuda:0')
keep_idx_i.shape : torch.Size([652])
nms+translate : 10.153083086013794
keep_idx_i.shape : torch.Size([112])
f_tubes_limits.shape : torch.Size([652, 2])
gt_temp_max_overlaps : tensor([0.9286], device='cuda:0')
step => 90
vid_names[vid_id] : GolfSwing/v_GolfSwing_g04_c02 tensor([309], dtype=torch.int32) n_frames : tensor([122])
target : tensor([9])
vid_names[vid] : GolfSwing/v_GolfSwing_g04_c02 cpu tensor([[122]], device='cuda:0')
keep_idx_i.shape : torch.Size([1077])
nms+translate : 14.999968528747559
keep_idx_i.shape : torch.Size([100])
f_tubes_limits.shape : torch.Size([1077, 2])
gt_temp_max_overlaps : tensor([1.], device='cuda:0')
step => 91
vid_names[vid_id] : GolfSwing/v_GolfSwing_g01_c06 tensor([310], dtype=torch.int32) n_frames : tensor([518])
target : tensor([9])
vid_names[vid] : GolfSwing/v_GolfSwing_g01_c06 cpu tensor([[518]], device='cuda:0')
keep_idx_i.shape : torch.Size([85])
nms+translate : 0.8001439571380615
keep_idx_i.shape : torch.Size([85])
f_tubes_limits.shape : torch.Size([85, 2])
gt_temp_max_overlaps : tensor([0.8081], device='cuda:0')
step => 92
vid_names[vid_id] : GolfSwing/v_GolfSwing_g07_c03 tensor([311], dtype=torch.int32) n_frames : tensor([127])
target : tensor([9])
vid_names[vid] : GolfSwing/v_GolfSwing_g07_c03 cpu tensor([[127]], device='cuda:0')
keep_idx_i.shape : torch.Size([1002])
nms+translate : 17.386680841445923
keep_idx_i.shape : torch.Size([104])
f_tubes_limits.shape : torch.Size([1002, 2])
gt_temp_max_overlaps : tensor([1.], device='cuda:0')
step => 93
vid_names[vid_id] : GolfSwing/v_GolfSwing_g01_c05 tensor([313], dtype=torch.int32) n_frames : tensor([621])
target : tensor([9])
vid_names[vid] : GolfSwing/v_GolfSwing_g01_c05 cpu tensor([[621]], device='cuda:0')
keep_idx_i.shape : torch.Size([173])
nms+translate : 3.4849116802215576
keep_idx_i.shape : torch.Size([147])
f_tubes_limits.shape : torch.Size([173, 2])
gt_temp_max_overlaps : tensor([0.8182], device='cuda:0')
step => 94
vid_names[vid_id] : GolfSwing/v_GolfSwing_g03_c06 tensor([319], dtype=torch.int32) n_frames : tensor([252])
target : tensor([9])
vid_names[vid] : GolfSwing/v_GolfSwing_g03_c06 cpu tensor([[252]], device='cuda:0')
keep_idx_i.shape : torch.Size([172])
nms+translate : 2.000777244567871
keep_idx_i.shape : torch.Size([108])
f_tubes_limits.shape : torch.Size([172, 2])
gt_temp_max_overlaps : tensor([0.9320], device='cuda:0')
step => 95
vid_names[vid_id] : GolfSwing/v_GolfSwing_g06_c01 tensor([321], dtype=torch.int32) n_frames : tensor([157])
target : tensor([9])
vid_names[vid] : GolfSwing/v_GolfSwing_g06_c01 cpu tensor([[157]], device='cuda:0')
keep_idx_i.shape : torch.Size([1021])
nms+translate : 15.70846152305603
keep_idx_i.shape : torch.Size([132])
f_tubes_limits.shape : torch.Size([1021, 2])
gt_temp_max_overlaps : tensor([0.8602], device='cuda:0')
step => 96
vid_names[vid_id] : GolfSwing/v_GolfSwing_g06_c02 tensor([322], dtype=torch.int32) n_frames : tensor([109])
target : tensor([9])
vid_names[vid] : GolfSwing/v_GolfSwing_g06_c02 cpu tensor([[109]], device='cuda:0')
keep_idx_i.shape : torch.Size([708])
nms+translate : 3.8523542881011963
keep_idx_i.shape : torch.Size([119])
f_tubes_limits.shape : torch.Size([708, 2])
gt_temp_max_overlaps : tensor([1.], device='cuda:0')
step => 97
vid_names[vid_id] : GolfSwing/v_GolfSwing_g07_c01 tensor([324], dtype=torch.int32) n_frames : tensor([152])
target : tensor([9])
vid_names[vid] : GolfSwing/v_GolfSwing_g07_c01 cpu tensor([[152]], device='cuda:0')
keep_idx_i.shape : torch.Size([632])
nms+translate : 10.666242837905884
keep_idx_i.shape : torch.Size([98])
f_tubes_limits.shape : torch.Size([632, 2])
gt_temp_max_overlaps : tensor([0.9773], device='cuda:0')
step => 98
vid_names[vid_id] : GolfSwing/v_GolfSwing_g04_c04 tensor([332], dtype=torch.int32) n_frames : tensor([183])
target : tensor([9])
vid_names[vid] : GolfSwing/v_GolfSwing_g04_c04 cpu tensor([[183]], device='cuda:0')
keep_idx_i.shape : torch.Size([714])
nms+translate : 6.472735404968262
keep_idx_i.shape : torch.Size([150])
f_tubes_limits.shape : torch.Size([714, 2])
gt_temp_max_overlaps : tensor([0.9823], device='cuda:0')
step => 99
vid_names[vid_id] : GolfSwing/v_GolfSwing_g03_c02 tensor([335], dtype=torch.int32) n_frames : tensor([113])
target : tensor([9])
vid_names[vid] : GolfSwing/v_GolfSwing_g03_c02 cpu tensor([[113]], device='cuda:0')
keep_idx_i.shape : torch.Size([589])
nms+translate : 4.398411989212036
keep_idx_i.shape : torch.Size([114])
f_tubes_limits.shape : torch.Size([589, 2])
gt_temp_max_overlaps : tensor([1.], device='cuda:0')
step => 100
vid_names[vid_id] : GolfSwing/v_GolfSwing_g01_c01 tensor([336], dtype=torch.int32) n_frames : tensor([172])
target : tensor([9])
vid_names[vid] : GolfSwing/v_GolfSwing_g01_c01 cpu tensor([[172]], device='cuda:0')
keep_idx_i.shape : torch.Size([951])
nms+translate : 13.400998830795288
keep_idx_i.shape : torch.Size([136])
f_tubes_limits.shape : torch.Size([951, 2])
gt_temp_max_overlaps : tensor([0.9737], device='cuda:0')
step => 101
vid_names[vid_id] : GolfSwing/v_GolfSwing_g03_c01 tensor([340], dtype=torch.int32) n_frames : tensor([132])
target : tensor([9])
vid_names[vid] : GolfSwing/v_GolfSwing_g03_c01 cpu tensor([[132]], device='cuda:0')
keep_idx_i.shape : torch.Size([644])
nms+translate : 4.719546794891357
keep_idx_i.shape : torch.Size([119])
f_tubes_limits.shape : torch.Size([644, 2])
gt_temp_max_overlaps : tensor([0.9773], device='cuda:0')
step => 102
vid_names[vid_id] : GolfSwing/v_GolfSwing_g04_c01 tensor([359], dtype=torch.int32) n_frames : tensor([125])
target : tensor([9])
vid_names[vid] : GolfSwing/v_GolfSwing_g04_c01 cpu tensor([[125]], device='cuda:0')
keep_idx_i.shape : torch.Size([1076])
nms+translate : 14.122417211532593
keep_idx_i.shape : torch.Size([108])
f_tubes_limits.shape : torch.Size([1076, 2])
gt_temp_max_overlaps : tensor([0.9915], device='cuda:0')
step => 103
vid_names[vid_id] : GolfSwing/v_GolfSwing_g01_c04 tensor([369], dtype=torch.int32) n_frames : tensor([76])
target : tensor([9])
vid_names[vid] : GolfSwing/v_GolfSwing_g01_c04 cpu tensor([[76]], device='cuda:0')
keep_idx_i.shape : torch.Size([936])
nms+translate : 14.897010803222656
keep_idx_i.shape : torch.Size([75])
f_tubes_limits.shape : torch.Size([936, 2])
gt_temp_max_overlaps : tensor([0.9833], device='cuda:0')
step => 104
vid_names[vid_id] : GolfSwing/v_GolfSwing_g07_c04 tensor([371], dtype=torch.int32) n_frames : tensor([111])
target : tensor([9])
vid_names[vid] : GolfSwing/v_GolfSwing_g07_c04 cpu tensor([[111]], device='cuda:0')
keep_idx_i.shape : torch.Size([1094])
nms+translate : 9.117359161376953
keep_idx_i.shape : torch.Size([103])
f_tubes_limits.shape : torch.Size([1094, 2])
gt_temp_max_overlaps : tensor([1.], device='cuda:0')
step => 105
vid_names[vid_id] : GolfSwing/v_GolfSwing_g03_c07 tensor([372], dtype=torch.int32) n_frames : tensor([173])
target : tensor([9])
vid_names[vid] : GolfSwing/v_GolfSwing_g03_c07 cpu tensor([[173]], device='cuda:0')
keep_idx_i.shape : torch.Size([713])
nms+translate : 12.295324802398682
keep_idx_i.shape : torch.Size([122])
f_tubes_limits.shape : torch.Size([713, 2])
gt_temp_max_overlaps : tensor([0.9609], device='cuda:0')
step => 106
vid_names[vid_id] : GolfSwing/v_GolfSwing_g03_c05 tensor([375], dtype=torch.int32) n_frames : tensor([146])
target : tensor([9])
vid_names[vid] : GolfSwing/v_GolfSwing_g03_c05 cpu tensor([[146]], device='cuda:0')
keep_idx_i.shape : torch.Size([688])
nms+translate : 6.589887619018555
keep_idx_i.shape : torch.Size([145])
f_tubes_limits.shape : torch.Size([688, 2])
gt_temp_max_overlaps : tensor([1.], device='cuda:0')
step => 107
vid_names[vid_id] : GolfSwing/v_GolfSwing_g05_c03 tensor([376], dtype=torch.int32) n_frames : tensor([101])
target : tensor([9])
vid_names[vid] : GolfSwing/v_GolfSwing_g05_c03 cpu tensor([[101]], device='cuda:0')
keep_idx_i.shape : torch.Size([1043])
nms+translate : 13.377089262008667
keep_idx_i.shape : torch.Size([95])
f_tubes_limits.shape : torch.Size([1043, 2])
gt_temp_max_overlaps : tensor([1.], device='cuda:0')
step => 108
vid_names[vid_id] : GolfSwing/v_GolfSwing_g02_c02 tensor([377], dtype=torch.int32) n_frames : tensor([117])
target : tensor([9])
vid_names[vid] : GolfSwing/v_GolfSwing_g02_c02 cpu tensor([[117]], device='cuda:0')
keep_idx_i.shape : torch.Size([1062])
nms+translate : 9.287458419799805
keep_idx_i.shape : torch.Size([107])
f_tubes_limits.shape : torch.Size([1062, 2])
gt_temp_max_overlaps : tensor([1.], device='cuda:0')
step => 109
vid_names[vid_id] : GolfSwing/v_GolfSwing_g06_c03 tensor([383], dtype=torch.int32) n_frames : tensor([91])
target : tensor([9])
vid_names[vid] : GolfSwing/v_GolfSwing_g06_c03 cpu tensor([[91]], device='cuda:0')
keep_idx_i.shape : torch.Size([1130])
nms+translate : 14.10584282875061
keep_idx_i.shape : torch.Size([86])
f_tubes_limits.shape : torch.Size([1130, 2])
gt_temp_max_overlaps : tensor([1.], device='cuda:0')
step => 110
vid_names[vid_id] : GolfSwing/v_GolfSwing_g03_c03 tensor([387], dtype=torch.int32) n_frames : tensor([180])
target : tensor([9])
vid_names[vid] : GolfSwing/v_GolfSwing_g03_c03 cpu tensor([[180]], device='cuda:0')
keep_idx_i.shape : torch.Size([630])
nms+translate : 10.456705808639526
keep_idx_i.shape : torch.Size([148])
f_tubes_limits.shape : torch.Size([630, 2])
gt_temp_max_overlaps : tensor([0.9643], device='cuda:0')
step => 111
vid_names[vid_id] : GolfSwing/v_GolfSwing_g05_c07 tensor([390], dtype=torch.int32) n_frames : tensor([132])
target : tensor([9])
vid_names[vid] : GolfSwing/v_GolfSwing_g05_c07 cpu tensor([[132]], device='cuda:0')
keep_idx_i.shape : torch.Size([978])
nms+translate : 12.486597061157227
keep_idx_i.shape : torch.Size([115])
f_tubes_limits.shape : torch.Size([978, 2])
gt_temp_max_overlaps : tensor([0.9911], device='cuda:0')
step => 112
vid_names[vid_id] : GolfSwing/v_GolfSwing_g05_c05 tensor([392], dtype=torch.int32) n_frames : tensor([120])
target : tensor([9])
vid_names[vid] : GolfSwing/v_GolfSwing_g05_c05 cpu tensor([[120]], device='cuda:0')
keep_idx_i.shape : torch.Size([948])
nms+translate : 7.070617198944092
keep_idx_i.shape : torch.Size([99])
f_tubes_limits.shape : torch.Size([948, 2])
gt_temp_max_overlaps : tensor([0.9901], device='cuda:0')
step => 113
vid_names[vid_id] : GolfSwing/v_GolfSwing_g02_c03 tensor([398], dtype=torch.int32) n_frames : tensor([92])
target : tensor([9])
vid_names[vid] : GolfSwing/v_GolfSwing_g02_c03 cpu tensor([[92]], device='cuda:0')
keep_idx_i.shape : torch.Size([1088])
nms+translate : 16.475780725479126
keep_idx_i.shape : torch.Size([87])
f_tubes_limits.shape : torch.Size([1088, 2])
gt_temp_max_overlaps : tensor([1.], device='cuda:0')
step => 114
vid_names[vid_id] : GolfSwing/v_GolfSwing_g05_c01 tensor([400], dtype=torch.int32) n_frames : tensor([114])
target : tensor([9])
vid_names[vid] : GolfSwing/v_GolfSwing_g05_c01 cpu tensor([[114]], device='cuda:0')
keep_idx_i.shape : torch.Size([576])
nms+translate : 5.6680707931518555
keep_idx_i.shape : torch.Size([84])
f_tubes_limits.shape : torch.Size([576, 2])
gt_temp_max_overlaps : tensor([1.], device='cuda:0')
step => 115
vid_names[vid_id] : GolfSwing/v_GolfSwing_g01_c03 tensor([401], dtype=torch.int32) n_frames : tensor([191])
target : tensor([9])
vid_names[vid] : GolfSwing/v_GolfSwing_g01_c03 cpu tensor([[191]], device='cuda:0')
keep_idx_i.shape : torch.Size([877])
nms+translate : 15.019606351852417
keep_idx_i.shape : torch.Size([151])
f_tubes_limits.shape : torch.Size([877, 2])
gt_temp_max_overlaps : tensor([1.], device='cuda:0')
step => 116
vid_names[vid_id] : GolfSwing/v_GolfSwing_g07_c02 tensor([404], dtype=torch.int32) n_frames : tensor([101])
target : tensor([9])
vid_names[vid] : GolfSwing/v_GolfSwing_g07_c02 cpu tensor([[101]], device='cuda:0')
keep_idx_i.shape : torch.Size([1037])
nms+translate : 11.967096090316772
keep_idx_i.shape : torch.Size([82])
f_tubes_limits.shape : torch.Size([1037, 2])
gt_temp_max_overlaps : tensor([1.], device='cuda:0')
step => 117
vid_names[vid_id] : GolfSwing/v_GolfSwing_g03_c04 tensor([406], dtype=torch.int32) n_frames : tensor([145])
target : tensor([9])
vid_names[vid] : GolfSwing/v_GolfSwing_g03_c04 cpu tensor([[145]], device='cuda:0')
keep_idx_i.shape : torch.Size([884])
nms+translate : 9.905194520950317
keep_idx_i.shape : torch.Size([109])
f_tubes_limits.shape : torch.Size([884, 2])
gt_temp_max_overlaps : tensor([0.9375], device='cuda:0')
step => 118
vid_names[vid_id] : GolfSwing/v_GolfSwing_g04_c06 tensor([409], dtype=torch.int32) n_frames : tensor([233])
target : tensor([9])
vid_names[vid] : GolfSwing/v_GolfSwing_g04_c06 cpu tensor([[233]], device='cuda:0')
keep_idx_i.shape : torch.Size([495])
nms+translate : 4.152300119400024
keep_idx_i.shape : torch.Size([116])
f_tubes_limits.shape : torch.Size([495, 2])
gt_temp_max_overlaps : tensor([0.9256], device='cuda:0')
step => 119
vid_names[vid_id] : GolfSwing/v_GolfSwing_g05_c06 tensor([413], dtype=torch.int32) n_frames : tensor([181])
target : tensor([9])
vid_names[vid] : GolfSwing/v_GolfSwing_g05_c06 cpu tensor([[181]], device='cuda:0')
keep_idx_i.shape : torch.Size([540])
nms+translate : 7.376909255981445
keep_idx_i.shape : torch.Size([105])
f_tubes_limits.shape : torch.Size([540, 2])
gt_temp_max_overlaps : tensor([0.7767], device='cuda:0')
step => 120
vid_names[vid_id] : GolfSwing/v_GolfSwing_g06_c04 tensor([418], dtype=torch.int32) n_frames : tensor([127])
target : tensor([9])
vid_names[vid] : GolfSwing/v_GolfSwing_g06_c04 cpu tensor([[127]], device='cuda:0')
keep_idx_i.shape : torch.Size([781])
nms+translate : 4.865873575210571
keep_idx_i.shape : torch.Size([99])
f_tubes_limits.shape : torch.Size([781, 2])
gt_temp_max_overlaps : tensor([1.], device='cuda:0')
step => 121
vid_names[vid_id] : Biking/v_Biking_g06_c05 tensor([421], dtype=torch.int32) n_frames : tensor([201])
target : tensor([3])
vid_names[vid] : Biking/v_Biking_g06_c05 cpu tensor([[201]], device='cuda:0')
keep_idx_i.shape : torch.Size([827])
nms+translate : 15.575685739517212
keep_idx_i.shape : torch.Size([135])
f_tubes_limits.shape : torch.Size([827, 2])
gt_temp_max_overlaps : tensor([1.], device='cuda:0')
step => 122
vid_names[vid_id] : Biking/v_Biking_g05_c06 tensor([422], dtype=torch.int32) n_frames : tensor([180])
target : tensor([3])
vid_names[vid] : Biking/v_Biking_g05_c06 cpu tensor([[180]], device='cuda:0')
keep_idx_i.shape : torch.Size([762])
nms+translate : 8.20062255859375
keep_idx_i.shape : torch.Size([122])
f_tubes_limits.shape : torch.Size([762, 2])
gt_temp_max_overlaps : tensor([0.9778, 0.9778], device='cuda:0')
step => 123
vid_names[vid_id] : Biking/v_Biking_g06_c03 tensor([426], dtype=torch.int32) n_frames : tensor([201])
target : tensor([3])
vid_names[vid] : Biking/v_Biking_g06_c03 cpu tensor([[201]], device='cuda:0')
keep_idx_i.shape : torch.Size([452])
nms+translate : 2.512632131576538
keep_idx_i.shape : torch.Size([116])
f_tubes_limits.shape : torch.Size([452, 2])
gt_temp_max_overlaps : tensor([0.9204], device='cuda:0')
step => 124
vid_names[vid_id] : Biking/v_Biking_g05_c07 tensor([428], dtype=torch.int32) n_frames : tensor([180])
target : tensor([3])
vid_names[vid] : Biking/v_Biking_g05_c07 cpu tensor([[180]], device='cuda:0')
keep_idx_i.shape : torch.Size([941])
nms+translate : 17.668457508087158
keep_idx_i.shape : torch.Size([137])
f_tubes_limits.shape : torch.Size([941, 2])
gt_temp_max_overlaps : tensor([1., 1.], device='cuda:0')
step => 125
vid_names[vid_id] : Biking/v_Biking_g06_c04 tensor([429], dtype=torch.int32) n_frames : tensor([235])
target : tensor([3])
vid_names[vid] : Biking/v_Biking_g06_c04 cpu tensor([[235]], device='cuda:0')
keep_idx_i.shape : torch.Size([382])
nms+translate : 4.185746669769287
keep_idx_i.shape : torch.Size([71])
f_tubes_limits.shape : torch.Size([382, 2])
gt_temp_max_overlaps : tensor([1.0000, 0.9272], device='cuda:0')
step => 126
vid_names[vid_id] : Biking/v_Biking_g05_c04 tensor([432], dtype=torch.int32) n_frames : tensor([201])
target : tensor([3])
vid_names[vid] : Biking/v_Biking_g05_c04 cpu tensor([[201]], device='cuda:0')
keep_idx_i.shape : torch.Size([682])
nms+translate : 9.409625768661499
keep_idx_i.shape : torch.Size([156])
f_tubes_limits.shape : torch.Size([682, 2])
gt_temp_max_overlaps : tensor([0.8889, 0.1333, 0.8276, 0.8756], device='cuda:0')
step => 127
vid_names[vid_id] : Biking/v_Biking_g02_c01 tensor([433], dtype=torch.int32) n_frames : tensor([240])
target : tensor([3])
vid_names[vid] : Biking/v_Biking_g02_c01 cpu tensor([[240]], device='cuda:0')
keep_idx_i.shape : torch.Size([616])
nms+translate : 4.345351219177246
keep_idx_i.shape : torch.Size([117])
f_tubes_limits.shape : torch.Size([616, 2])
gt_temp_max_overlaps : tensor([1.0000, 0.9948], device='cuda:0')
step => 128
vid_names[vid_id] : Biking/v_Biking_g04_c03 tensor([436], dtype=torch.int32) n_frames : tensor([240])
target : tensor([3])
vid_names[vid] : Biking/v_Biking_g04_c03 cpu tensor([[240]], device='cuda:0')
keep_idx_i.shape : torch.Size([183])
nms+translate : 1.043229579925537
keep_idx_i.shape : torch.Size([83])
f_tubes_limits.shape : torch.Size([183, 2])
gt_temp_max_overlaps : tensor([1.], device='cuda:0')
step => 129
vid_names[vid_id] : Biking/v_Biking_g01_c03 tensor([446], dtype=torch.int32) n_frames : tensor([151])
target : tensor([3])
vid_names[vid] : Biking/v_Biking_g01_c03 cpu tensor([[151]], device='cuda:0')
keep_idx_i.shape : torch.Size([926])
nms+translate : 9.671412706375122
keep_idx_i.shape : torch.Size([158])
f_tubes_limits.shape : torch.Size([926, 2])
gt_temp_max_overlaps : tensor([1.], device='cuda:0')
step => 130
vid_names[vid_id] : Biking/v_Biking_g03_c02 tensor([448], dtype=torch.int32) n_frames : tensor([380])
target : tensor([3])
vid_names[vid] : Biking/v_Biking_g03_c02 cpu tensor([[380]], device='cuda:0')
keep_idx_i.shape : torch.Size([1262])
nms+translate : 15.86087679862976
keep_idx_i.shape : torch.Size([150])
f_tubes_limits.shape : torch.Size([1262, 2])
gt_temp_max_overlaps : tensor([1.], device='cuda:0')
step => 131
vid_names[vid_id] : Biking/v_Biking_g04_c01 tensor([449], dtype=torch.int32) n_frames : tensor([240])
target : tensor([3])
vid_names[vid] : Biking/v_Biking_g04_c01 cpu tensor([[240]], device='cuda:0')
keep_idx_i.shape : torch.Size([195])
nms+translate : 4.237969160079956
keep_idx_i.shape : torch.Size([80])
f_tubes_limits.shape : torch.Size([195, 2])
gt_temp_max_overlaps : tensor([1.], device='cuda:0')
step => 132
vid_names[vid_id] : Biking/v_Biking_g05_c01 tensor([457], dtype=torch.int32) n_frames : tensor([300])
target : tensor([3])
vid_names[vid] : Biking/v_Biking_g05_c01 cpu tensor([[300]], device='cuda:0')
keep_idx_i.shape : torch.Size([668])
nms+translate : 5.506629228591919
keep_idx_i.shape : torch.Size([104])
f_tubes_limits.shape : torch.Size([668, 2])
gt_temp_max_overlaps : tensor([1.0000, 0.1562], device='cuda:0')
step => 133
vid_names[vid_id] : Biking/v_Biking_g04_c02 tensor([458], dtype=torch.int32) n_frames : tensor([180])
target : tensor([3])
vid_names[vid] : Biking/v_Biking_g04_c02 cpu tensor([[180]], device='cuda:0')
keep_idx_i.shape : torch.Size([553])
nms+translate : 7.390427827835083
keep_idx_i.shape : torch.Size([116])
f_tubes_limits.shape : torch.Size([553, 2])
gt_temp_max_overlaps : tensor([0.9778], device='cuda:0')
step => 134
vid_names[vid_id] : Biking/v_Biking_g03_c04 tensor([460], dtype=torch.int32) n_frames : tensor([380])
target : tensor([3])
vid_names[vid] : Biking/v_Biking_g03_c04 cpu tensor([[380]], device='cuda:0')
keep_idx_i.shape : torch.Size([1290])
nms+translate : 22.62140130996704
keep_idx_i.shape : torch.Size([160])
f_tubes_limits.shape : torch.Size([1290, 2])
gt_temp_max_overlaps : tensor([1.], device='cuda:0')
step => 135
vid_names[vid_id] : Biking/v_Biking_g01_c02 tensor([467], dtype=torch.int32) n_frames : tensor([151])
target : tensor([3])
vid_names[vid] : Biking/v_Biking_g01_c02 cpu tensor([[151]], device='cuda:0')
keep_idx_i.shape : torch.Size([1022])
nms+translate : 11.092450141906738
keep_idx_i.shape : torch.Size([131])
f_tubes_limits.shape : torch.Size([1022, 2])
gt_temp_max_overlaps : tensor([1.], device='cuda:0')
step => 136
vid_names[vid_id] : Biking/v_Biking_g01_c01 tensor([469], dtype=torch.int32) n_frames : tensor([151])
target : tensor([3])
vid_names[vid] : Biking/v_Biking_g01_c01 cpu tensor([[151]], device='cuda:0')
keep_idx_i.shape : torch.Size([994])
nms+translate : 7.600436449050903
keep_idx_i.shape : torch.Size([125])
f_tubes_limits.shape : torch.Size([994, 2])
gt_temp_max_overlaps : tensor([1.], device='cuda:0')
step => 137
vid_names[vid_id] : Biking/v_Biking_g05_c03 tensor([472], dtype=torch.int32) n_frames : tensor([201])
target : tensor([3])
vid_names[vid] : Biking/v_Biking_g05_c03 cpu tensor([[201]], device='cuda:0')
keep_idx_i.shape : torch.Size([919])
nms+translate : 15.120813846588135
keep_idx_i.shape : torch.Size([146])
f_tubes_limits.shape : torch.Size([919, 2])
gt_temp_max_overlaps : tensor([1.], device='cuda:0')
step => 138
vid_names[vid_id] : Biking/v_Biking_g05_c05 tensor([473], dtype=torch.int32) n_frames : tensor([163])
target : tensor([3])
vid_names[vid] : Biking/v_Biking_g05_c05 cpu tensor([[163]], device='cuda:0')
keep_idx_i.shape : torch.Size([906])
nms+translate : 5.616104602813721
keep_idx_i.shape : torch.Size([119])
f_tubes_limits.shape : torch.Size([906, 2])
gt_temp_max_overlaps : tensor([1.], device='cuda:0')
step => 139
vid_names[vid_id] : Biking/v_Biking_g05_c02 tensor([482], dtype=torch.int32) n_frames : tensor([201])
target : tensor([3])
vid_names[vid] : Biking/v_Biking_g05_c02 cpu tensor([[201]], device='cuda:0')
keep_idx_i.shape : torch.Size([805])
nms+translate : 14.091858148574829
keep_idx_i.shape : torch.Size([135])
f_tubes_limits.shape : torch.Size([805, 2])
gt_temp_max_overlaps : tensor([1., 1.], device='cuda:0')
step => 140
vid_names[vid_id] : Biking/v_Biking_g06_c01 tensor([488], dtype=torch.int32) n_frames : tensor([101])
target : tensor([3])
vid_names[vid] : Biking/v_Biking_g06_c01 cpu tensor([[101]], device='cuda:0')
keep_idx_i.shape : torch.Size([612])
nms+translate : 5.0106682777404785
keep_idx_i.shape : torch.Size([89])
f_tubes_limits.shape : torch.Size([612, 2])
gt_temp_max_overlaps : tensor([1.], device='cuda:0')
step => 141
vid_names[vid_id] : Biking/v_Biking_g07_c04 tensor([489], dtype=torch.int32) n_frames : tensor([300])
target : tensor([3])
vid_names[vid] : Biking/v_Biking_g07_c04 cpu tensor([[300]], device='cuda:0')
keep_idx_i.shape : torch.Size([1043])
nms+translate : 17.24623417854309
keep_idx_i.shape : torch.Size([134])
f_tubes_limits.shape : torch.Size([1043, 2])
gt_temp_max_overlaps : tensor([0.8250, 0.9438, 0.8421, 0.8421, 0.9641], device='cuda:0')
step => 142
vid_names[vid_id] : Biking/v_Biking_g07_c03 tensor([498], dtype=torch.int32) n_frames : tensor([400])
target : tensor([3])
vid_names[vid] : Biking/v_Biking_g07_c03 cpu tensor([[400]], device='cuda:0')
keep_idx_i.shape : torch.Size([108])
nms+translate : 2.7515735626220703
keep_idx_i.shape : torch.Size([95])
f_tubes_limits.shape : torch.Size([108, 2])
gt_temp_max_overlaps : tensor([0.9722, 1.0000, 0.9052, 0.7969, 0.6000, 0.9312, 0.8333], device='cuda:0')
step => 143
vid_names[vid_id] : Biking/v_Biking_g04_c05 tensor([499], dtype=torch.int32) n_frames : tensor([213])
target : tensor([3])
vid_names[vid] : Biking/v_Biking_g04_c05 cpu tensor([[213]], device='cuda:0')
keep_idx_i.shape : torch.Size([360])
nms+translate : 3.292212963104248
keep_idx_i.shape : torch.Size([94])
f_tubes_limits.shape : torch.Size([360, 2])
gt_temp_max_overlaps : tensor([0.9249], device='cuda:0')
step => 144
vid_names[vid_id] : Biking/v_Biking_g02_c04 tensor([505], dtype=torch.int32) n_frames : tensor([240])
target : tensor([3])
vid_names[vid] : Biking/v_Biking_g02_c04 cpu tensor([[240]], device='cuda:0')
keep_idx_i.shape : torch.Size([396])
nms+translate : 3.1258723735809326
keep_idx_i.shape : torch.Size([93])
f_tubes_limits.shape : torch.Size([396, 2])
gt_temp_max_overlaps : tensor([1.0000, 0.8438], device='cuda:0')
step => 145
vid_names[vid_id] : Biking/v_Biking_g02_c05 tensor([506], dtype=torch.int32) n_frames : tensor([180])
target : tensor([3])
vid_names[vid] : Biking/v_Biking_g02_c05 cpu tensor([[180]], device='cuda:0')
keep_idx_i.shape : torch.Size([937])
nms+translate : 12.15808367729187
keep_idx_i.shape : torch.Size([143])
f_tubes_limits.shape : torch.Size([937, 2])
gt_temp_max_overlaps : tensor([1.0000, 0.8793], device='cuda:0')
step => 146
vid_names[vid_id] : Biking/v_Biking_g02_c07 tensor([507], dtype=torch.int32) n_frames : tensor([240])
target : tensor([3])
vid_names[vid] : Biking/v_Biking_g02_c07 cpu tensor([[240]], device='cuda:0')
keep_idx_i.shape : torch.Size([942])
nms+translate : 13.351084232330322
keep_idx_i.shape : torch.Size([139])
f_tubes_limits.shape : torch.Size([942, 2])
gt_temp_max_overlaps : tensor([1., 1.], device='cuda:0')
step => 147
vid_names[vid_id] : Biking/v_Biking_g07_c01 tensor([508], dtype=torch.int32) n_frames : tensor([300])
target : tensor([3])
vid_names[vid] : Biking/v_Biking_g07_c01 cpu tensor([[300]], device='cuda:0')
keep_idx_i.shape : torch.Size([619])
nms+translate : 5.755643844604492
keep_idx_i.shape : torch.Size([110])
f_tubes_limits.shape : torch.Size([619, 2])
gt_temp_max_overlaps : tensor([0.9905, 0.9697, 0.6713, 0.8056], device='cuda:0')
step => 148
vid_names[vid_id] : Biking/v_Biking_g04_c04 tensor([511], dtype=torch.int32) n_frames : tensor([216])
target : tensor([3])
vid_names[vid] : Biking/v_Biking_g04_c04 cpu tensor([[216]], device='cuda:0')
keep_idx_i.shape : torch.Size([385])
nms+translate : 8.028793573379517
keep_idx_i.shape : torch.Size([88])
f_tubes_limits.shape : torch.Size([385, 2])
gt_temp_max_overlaps : tensor([0.9630], device='cuda:0')
step => 149
vid_names[vid_id] : Biking/v_Biking_g06_c02 tensor([515], dtype=torch.int32) n_frames : tensor([157])
target : tensor([3])
vid_names[vid] : Biking/v_Biking_g06_c02 cpu tensor([[157]], device='cuda:0')
keep_idx_i.shape : torch.Size([553])
nms+translate : 4.77346396446228
keep_idx_i.shape : torch.Size([85])
f_tubes_limits.shape : torch.Size([553, 2])
gt_temp_max_overlaps : tensor([1.], device='cuda:0')
step => 150
vid_names[vid_id] : Biking/v_Biking_g02_c02 tensor([516], dtype=torch.int32) n_frames : tensor([240])
target : tensor([3])
vid_names[vid] : Biking/v_Biking_g02_c02 cpu tensor([[240]], device='cuda:0')
keep_idx_i.shape : torch.Size([413])
nms+translate : 6.261844158172607
keep_idx_i.shape : torch.Size([74])
f_tubes_limits.shape : torch.Size([413, 2])
gt_temp_max_overlaps : tensor([1.0000, 0.9720], device='cuda:0')
step => 151
vid_names[vid_id] : Biking/v_Biking_g03_c01 tensor([518], dtype=torch.int32) n_frames : tensor([380])
target : tensor([3])
vid_names[vid] : Biking/v_Biking_g03_c01 cpu tensor([[380]], device='cuda:0')
keep_idx_i.shape : torch.Size([1272])
nms+translate : 17.380298137664795
keep_idx_i.shape : torch.Size([155])
f_tubes_limits.shape : torch.Size([1272, 2])
gt_temp_max_overlaps : tensor([1.], device='cuda:0')
step =>