nohup: ignoring input
Device being used: cuda:0
 -----------------------------------------------------
|          Part 1-1 - train TPN - without reg         |
 -----------------------------------------------------
Loading pretrained weights from ../resnet-34-kinetics.pth
Using 2 GPUs!
key : module.act_rpn.RPN_Conv.weight
key : module.act_rpn.RPN_Conv.bias
key : module.act_rpn.RPN_cls_score.weight
key : module.act_rpn.RPN_cls_score.bias
key : module.act_rpn.RPN_cls_score_3_4.weight
key : module.act_rpn.RPN_cls_score_3_4.bias
key : module.act_rpn.RPN_cls_score_2.weight
key : module.act_rpn.RPN_cls_score_2.bias
key : module.act_rpn.RPN_cls_score_4.weight
key : module.act_rpn.RPN_cls_score_4.bias
key : module.act_rpn.RPN_bbox_pred.weight
key : module.act_rpn.RPN_bbox_pred.bias
key : module.act_rpn.RPN_bbox_pred_3_4.weight
key : module.act_rpn.RPN_bbox_pred_3_4.bias
key : module.act_rpn.RPN_bbox_pred_2.weight
key : module.act_rpn.RPN_bbox_pred_2.bias
key : module.act_rpn.RPN_bbox_pred_4.weight
key : module.act_rpn.RPN_bbox_pred_4.bias
key : module.reg_layer.Conv.weight
key : module.reg_layer.Conv.bias
key : module.reg_layer.head_to_tail_.0.weight
key : module.reg_layer.head_to_tail_.0.bias
key : module.reg_layer.head_to_tail_.3.weight
key : module.reg_layer.head_to_tail_.3.bias
key : module.reg_layer.bbox_pred.weight
key : module.reg_layer.bbox_pred.bias
 ============
| Epoch 01/60 |
 ============
len(dataset) : 2284
max_sim_actions : 9
max_frames : 641
Train Epoch: 1 	Loss: 9.629142	 lr : 0.001000
 ============
| Epoch 02/60 |
 ============
len(dataset) : 2284
max_sim_actions : 9
max_frames : 641
/home/sgal/miniconda3/envs/pytorch_0_4/lib/python3.7/site-packages/torch/nn/parallel/_functions.py:58: UserWarning: Was asked to gather along dimension 0, but all input tensors were scalars; will instead unsqueeze and return a vector.
  warnings.warn('Was asked to gather along dimension 0, but all '
Train Epoch: 2 	Loss: 3.332295	 lr : 0.001000
 ============
| Epoch 03/60 |
 ============
len(dataset) : 2284
max_sim_actions : 9
max_frames : 641
Train Epoch: 3 	Loss: 3.300414	 lr : 0.001000
 ============
| Epoch 04/60 |
 ============
len(dataset) : 2284
max_sim_actions : 9
max_frames : 641
Train Epoch: 4 	Loss: 3.590339	 lr : 0.001000
 ============
| Epoch 05/60 |
 ============
len(dataset) : 2284
max_sim_actions : 9
max_frames : 641
Train Epoch: 5 	Loss: 4.058797	 lr : 0.001000
 ============
| Validation 05/60 |
 ============
len(dataset) : 910
max_sim_actions : 10
max_frames : 900
 -----------------------
| Validation Epoch:   5 | 
|                       |
| Proposed Action Tubes |
|                       |
| Single frame          |
|                       |
| In    227 steps    :  |
|                       |
| Threshold : 0.5       |
|                       |
| True_pos   -->    332 |
| False_neg  -->    613 | 
| Recall     --> 0.3513 |
|                       |
| Threshold : 0.4       |
|                       |
| True_pos   -->    438 |
| False_neg  -->    507 | 
| Recall     --> 0.4635 |
|                       |
| Threshold : 0.3       |
|                       |
| True_pos   -->    525 |
| False_neg  -->    420 | 
| Recall     --> 0.5556 |
 -----------------------
 ============
| Epoch 06/60 |
 ============
len(dataset) : 2284
max_sim_actions : 9
max_frames : 641
Train Epoch: 6 	Loss: 4.189886	 lr : 0.001000
 ============
| Epoch 07/60 |
 ============
len(dataset) : 2284
max_sim_actions : 9
max_frames : 641
Train Epoch: 7 	Loss: 4.569763	 lr : 0.001000
 ============
| Epoch 08/60 |
 ============
len(dataset) : 2284
max_sim_actions : 9
max_frames : 641
Train Epoch: 8 	Loss: 4.631818	 lr : 0.001000
 ============
| Epoch 09/60 |
 ============
len(dataset) : 2284
max_sim_actions : 9
max_frames : 641
Train Epoch: 9 	Loss: 4.139721	 lr : 0.001000
 ============
| Epoch 10/60 |
 ============
len(dataset) : 2284
max_sim_actions : 9
max_frames : 641
Train Epoch: 10 	Loss: 4.200543	 lr : 0.001000
 ============
| Validation 10/60 |
 ============
len(dataset) : 910
max_sim_actions : 10
max_frames : 900
 -----------------------
| Validation Epoch:  10 | 
|                       |
| Proposed Action Tubes |
|                       |
| Single frame          |
|                       |
| In    227 steps    :  |
|                       |
| Threshold : 0.5       |
|                       |
| True_pos   -->    529 |
| False_neg  -->    428 | 
| Recall     --> 0.5528 |
|                       |
| Threshold : 0.4       |
|                       |
| True_pos   -->    651 |
| False_neg  -->    306 | 
| Recall     --> 0.6803 |
|                       |
| Threshold : 0.3       |
|                       |
| True_pos   -->    711 |
| False_neg  -->    246 | 
| Recall     --> 0.7429 |
 -----------------------
 ============
| Epoch 11/60 |
 ============
len(dataset) : 2284
max_sim_actions : 9
max_frames : 641
Train Epoch: 11 	Loss: 4.757822	 lr : 0.001000
 ============
| Epoch 12/60 |
 ============
len(dataset) : 2284
max_sim_actions : 9
max_frames : 641
Train Epoch: 12 	Loss: 4.270724	 lr : 0.000100
 ============
| Epoch 13/60 |
 ============
len(dataset) : 2284
max_sim_actions : 9
max_frames : 641
Train Epoch: 13 	Loss: 4.446289	 lr : 0.000100
 ============
| Epoch 14/60 |
 ============
len(dataset) : 2284
max_sim_actions : 9
max_frames : 641
Train Epoch: 14 	Loss: 4.707619	 lr : 0.000100
 ============
| Epoch 15/60 |
 ============
len(dataset) : 2284
max_sim_actions : 9
max_frames : 641
