nohup: ignoring input
Device being used: cuda:0
 -----------------------------------------------------
|          Part 1-1 - train TPN - without reg         |
 -----------------------------------------------------
Loading pretrained weights from ../resnet-34-kinetics.pth
Using 2 GPUs!
key : module.act_rpn.RPN_Conv.weight
key : module.act_rpn.RPN_Conv.bias
key : module.act_rpn.RPN_cls_score.weight
key : module.act_rpn.RPN_cls_score.bias
key : module.act_rpn.RPN_cls_score_3_4.weight
key : module.act_rpn.RPN_cls_score_3_4.bias
key : module.act_rpn.RPN_cls_score_2.weight
key : module.act_rpn.RPN_cls_score_2.bias
key : module.act_rpn.RPN_cls_score_4.weight
key : module.act_rpn.RPN_cls_score_4.bias
key : module.act_rpn.RPN_bbox_pred.weight
key : module.act_rpn.RPN_bbox_pred.bias
key : module.act_rpn.RPN_bbox_pred_3_4.weight
key : module.act_rpn.RPN_bbox_pred_3_4.bias
key : module.act_rpn.RPN_bbox_pred_2.weight
key : module.act_rpn.RPN_bbox_pred_2.bias
key : module.act_rpn.RPN_bbox_pred_4.weight
key : module.act_rpn.RPN_bbox_pred_4.bias
key : module.reg_layer.Conv.weight
key : module.reg_layer.Conv.bias
key : module.reg_layer.head_to_tail_.0.weight
key : module.reg_layer.head_to_tail_.0.bias
key : module.reg_layer.head_to_tail_.3.weight
key : module.reg_layer.head_to_tail_.3.bias
key : module.reg_layer.bbox_pred.weight
key : module.reg_layer.bbox_pred.bias
 ============
| Epoch 01/60 |
 ============
sample_duration : 8
660
max_frames : 40
Train Epoch: 1 	Loss: 64.708149	 lr : 0.001000
 ============
| Epoch 02/60 |
 ============
sample_duration : 8
660
max_frames : 40
/home/sgal/miniconda3/envs/pytorch_0_4/lib/python3.7/site-packages/torch/nn/parallel/_functions.py:58: UserWarning: Was asked to gather along dimension 0, but all input tensors were scalars; will instead unsqueeze and return a vector.
  warnings.warn('Was asked to gather along dimension 0, but all '
Train Epoch: 2 	Loss: 6.385247	 lr : 0.001000
 ============
| Epoch 03/60 |
 ============
sample_duration : 8
660
max_frames : 40
Train Epoch: 3 	Loss: 10.492270	 lr : 0.001000
 ============
| Epoch 04/60 |
 ============
sample_duration : 8
660
max_frames : 40
Train Epoch: 4 	Loss: 11.887694	 lr : 0.001000
 ============
| Epoch 05/60 |
 ============
sample_duration : 8
660
max_frames : 40
Train Epoch: 5 	Loss: 23.908897	 lr : 0.001000
 ============
| Validation 05/60 |
 ============
268
max_frames : 40
 -----------------------
| Validation Epoch:   5 | 
|                       |
| Proposed Action Tubes |
|                       |
| Single frame          |
|                       |
| In     66 steps    :  |
|                       |
| Threshold : 0.5       |
|                       |
| True_pos   -->    221 |
| False_neg  -->     47 | 
| Recall     --> 0.8246 |
|                       |
| Threshold : 0.4       |
|                       |
| True_pos   -->    247 |
| False_neg  -->     21 | 
| Recall     --> 0.9216 |
|                       |
| Threshold : 0.3       |
|                       |
| True_pos   -->    262 |
| False_neg  -->      6 | 
| Recall     --> 0.9776 |
 -----------------------
 ============
| Epoch 06/60 |
 ============
sample_duration : 8
660
max_frames : 40
Train Epoch: 6 	Loss: 35.412461	 lr : 0.001000
 ============
| Epoch 07/60 |
 ============
sample_duration : 8
660
max_frames : 40
Train Epoch: 7 	Loss: 37.863832	 lr : 0.001000
 ============
| Epoch 08/60 |
 ============
sample_duration : 8
660
max_frames : 40
Train Epoch: 8 	Loss: 34.341337	 lr : 0.001000
 ============
| Epoch 09/60 |
 ============
sample_duration : 8
660
max_frames : 40
Train Epoch: 9 	Loss: 31.166815	 lr : 0.001000
 ============
| Epoch 10/60 |
 ============
sample_duration : 8
660
max_frames : 40
Train Epoch: 10 	Loss: 38.491873	 lr : 0.001000
 ============
| Validation 10/60 |
 ============
268
max_frames : 40
 -----------------------
| Validation Epoch:  10 | 
|                       |
| Proposed Action Tubes |
|                       |
| Single frame          |
|                       |
| In     66 steps    :  |
|                       |
| Threshold : 0.5       |
|                       |
| True_pos   -->    231 |
| False_neg  -->     37 | 
| Recall     --> 0.8619 |
|                       |
| Threshold : 0.4       |
|                       |
| True_pos   -->    260 |
| False_neg  -->      8 | 
| Recall     --> 0.9701 |
|                       |
| Threshold : 0.3       |
|                       |
| True_pos   -->    265 |
| False_neg  -->      3 | 
| Recall     --> 0.9888 |
 -----------------------
 ============
| Epoch 11/60 |
 ============
sample_duration : 8
660
max_frames : 40
Train Epoch: 11 	Loss: 22.988260	 lr : 0.001000
 ============
| Epoch 12/60 |
 ============
sample_duration : 8
660
max_frames : 40
Train Epoch: 12 	Loss: 23.659926	 lr : 0.000100
 ============
| Epoch 13/60 |
 ============
sample_duration : 8
660
max_frames : 40
Train Epoch: 13 	Loss: 12.717760	 lr : 0.000100
 ============
| Epoch 14/60 |
 ============
sample_duration : 8
660
max_frames : 40
Train Epoch: 14 	Loss: 34.363460	 lr : 0.000100
 ============
| Epoch 15/60 |
 ============
sample_duration : 8
660
max_frames : 40
Train Epoch: 15 	Loss: 29.075198	 lr : 0.000100
 ============
| Validation 15/60 |
 ============
268
max_frames : 40
 -----------------------
| Validation Epoch:  15 | 
|                       |
| Proposed Action Tubes |
|                       |
| Single frame          |
|                       |
| In     66 steps    :  |
|                       |
| Threshold : 0.5       |
|                       |
| True_pos   -->    250 |
| False_neg  -->     18 | 
| Recall     --> 0.9328 |
|                       |
| Threshold : 0.4       |
|                       |
| True_pos   -->    262 |
| False_neg  -->      6 | 
| Recall     --> 0.9776 |
|                       |
| Threshold : 0.3       |
|                       |
| True_pos   -->    268 |
| False_neg  -->      0 | 
| Recall     --> 1.0000 |
 -----------------------
 ============
| Epoch 16/60 |
 ============
sample_duration : 8
660
max_frames : 40
Train Epoch: 16 	Loss: 28.364565	 lr : 0.000100
 ============
| Epoch 17/60 |
 ============
sample_duration : 8
660
max_frames : 40
Train Epoch: 17 	Loss: 22.695323	 lr : 0.000100
 ============
| Epoch 18/60 |
 ============
sample_duration : 8
660
max_frames : 40
Train Epoch: 18 	Loss: 21.967779	 lr : 0.000100
 ============
| Epoch 19/60 |
 ============
sample_duration : 8
660
max_frames : 40
Train Epoch: 19 	Loss: 19.795858	 lr : 0.000100
 ============
| Epoch 20/60 |
 ============
sample_duration : 8
660
max_frames : 40
Train Epoch: 20 	Loss: 25.026891	 lr : 0.000100
 ============
| Validation 20/60 |
 ============
268
max_frames : 40
 -----------------------
| Validation Epoch:  20 | 
|                       |
| Proposed Action Tubes |
|                       |
| Single frame          |
|                       |
| In     66 steps    :  |
|                       |
| Threshold : 0.5       |
|                       |
| True_pos   -->    248 |
| False_neg  -->     20 | 
| Recall     --> 0.9254 |
|                       |
| Threshold : 0.4       |
|                       |
| True_pos   -->    264 |
| False_neg  -->      4 | 
| Recall     --> 0.9851 |
|                       |
| Threshold : 0.3       |
|                       |
| True_pos   -->    268 |
| False_neg  -->      0 | 
| Recall     --> 1.0000 |
 -----------------------
 ============
| Epoch 21/60 |
 ============
sample_duration : 8
660
max_frames : 40
Train Epoch: 21 	Loss: 25.243328	 lr : 0.000100
 ============
| Epoch 22/60 |
 ============
sample_duration : 8
660
max_frames : 40
Train Epoch: 22 	Loss: 33.538466	 lr : 0.000100
 ============
| Epoch 23/60 |
 ============
sample_duration : 8
660
max_frames : 40
Train Epoch: 23 	Loss: 19.565632	 lr : 0.000010
 ============
| Epoch 24/60 |
 ============
sample_duration : 8
660
max_frames : 40
Train Epoch: 24 	Loss: 19.032328	 lr : 0.000010
 ============
| Epoch 25/60 |
 ============
sample_duration : 8
660
max_frames : 40
Train Epoch: 25 	Loss: 22.949638	 lr : 0.000010
 ============
| Validation 25/60 |
 ============
268
max_frames : 40
 -----------------------
| Validation Epoch:  25 | 
|                       |
| Proposed Action Tubes |
|                       |
| Single frame          |
|                       |
| In     66 steps    :  |
|                       |
| Threshold : 0.5       |
|                       |
| True_pos   -->    255 |
| False_neg  -->     13 | 
| Recall     --> 0.9515 |
|                       |
| Threshold : 0.4       |
|                       |
| True_pos   -->    263 |
| False_neg  -->      5 | 
| Recall     --> 0.9813 |
|                       |
| Threshold : 0.3       |
|                       |
| True_pos   -->    265 |
| False_neg  -->      3 | 
| Recall     --> 0.9888 |
 -----------------------
 ============
| Epoch 26/60 |
 ============
sample_duration : 8
660
max_frames : 40
Train Epoch: 26 	Loss: 23.987889	 lr : 0.000010
 ============
| Epoch 27/60 |
 ============
sample_duration : 8
660
max_frames : 40
Train Epoch: 27 	Loss: 19.298517	 lr : 0.000010
 ============
| Epoch 28/60 |
 ============
sample_duration : 8
660
max_frames : 40
Train Epoch: 28 	Loss: 23.714329	 lr : 0.000010
 ============
| Epoch 29/60 |
 ============
sample_duration : 8
660
max_frames : 40
Train Epoch: 29 	Loss: 21.109801	 lr : 0.000010
 ============
| Epoch 30/60 |
 ============
sample_duration : 8
660
max_frames : 40
Train Epoch: 30 	Loss: 22.350774	 lr : 0.000010
 ============
| Validation 30/60 |
 ============
268
max_frames : 40
 -----------------------
| Validation Epoch:  30 | 
|                       |
| Proposed Action Tubes |
|                       |
| Single frame          |
|                       |
| In     66 steps    :  |
|                       |
| Threshold : 0.5       |
|                       |
| True_pos   -->    252 |
| False_neg  -->     16 | 
| Recall     --> 0.9403 |
|                       |
| Threshold : 0.4       |
|                       |
| True_pos   -->    265 |
| False_neg  -->      3 | 
| Recall     --> 0.9888 |
|                       |
| Threshold : 0.3       |
|                       |
| True_pos   -->    267 |
| False_neg  -->      1 | 
| Recall     --> 0.9963 |
 -----------------------
 ============
| Epoch 31/60 |
 ============
sample_duration : 8
660
max_frames : 40
Train Epoch: 31 	Loss: 30.136964	 lr : 0.000010
 ============
| Epoch 32/60 |
 ============
sample_duration : 8
660
max_frames : 40
Train Epoch: 32 	Loss: 30.675736	 lr : 0.000010
 ============
| Epoch 33/60 |
 ============
sample_duration : 8
660
max_frames : 40
Train Epoch: 33 	Loss: 27.126199	 lr : 0.000010
 ============
| Epoch 34/60 |
 ============
sample_duration : 8
660
max_frames : 40
Train Epoch: 34 	Loss: 23.708811	 lr : 0.000001
 ============
| Epoch 35/60 |
 ============
sample_duration : 8
660
max_frames : 40
Train Epoch: 35 	Loss: 29.286289	 lr : 0.000001
 ============
| Validation 35/60 |
 ============
268
max_frames : 40
 -----------------------
| Validation Epoch:  35 | 
|                       |
| Proposed Action Tubes |
|                       |
| Single frame          |
|                       |
| In     66 steps    :  |
|                       |
| Threshold : 0.5       |
|                       |
| True_pos   -->    253 |
| False_neg  -->     15 | 
| Recall     --> 0.9440 |
|                       |
| Threshold : 0.4       |
|                       |
| True_pos   -->    266 |
| False_neg  -->      2 | 
| Recall     --> 0.9925 |
|                       |
| Threshold : 0.3       |
|                       |
| True_pos   -->    268 |
| False_neg  -->      0 | 
| Recall     --> 1.0000 |
 -----------------------
 ============
| Epoch 36/60 |
 ============
sample_duration : 8
660
max_frames : 40
Train Epoch: 36 	Loss: 24.995367	 lr : 0.000001
 ============
| Epoch 37/60 |
 ============
sample_duration : 8
660
max_frames : 40
Train Epoch: 37 	Loss: 29.254941	 lr : 0.000001
 ============
| Epoch 38/60 |
 ============
sample_duration : 8
660
max_frames : 40
Train Epoch: 38 	Loss: 30.922582	 lr : 0.000001
 ============
| Epoch 39/60 |
 ============
sample_duration : 8
660
max_frames : 40
Train Epoch: 39 	Loss: 23.585208	 lr : 0.000001
 ============
| Epoch 40/60 |
 ============
sample_duration : 8
660
max_frames : 40
Train Epoch: 40 	Loss: 30.646739	 lr : 0.000001
 ============
| Validation 40/60 |
 ============
268
max_frames : 40
 -----------------------
| Validation Epoch:  40 | 
|                       |
| Proposed Action Tubes |
|                       |
| Single frame          |
|                       |
| In     66 steps    :  |
|                       |
| Threshold : 0.5       |
|                       |
| True_pos   -->    249 |
| False_neg  -->     19 | 
| Recall     --> 0.9291 |
|                       |
| Threshold : 0.4       |
|                       |
| True_pos   -->    262 |
| False_neg  -->      6 | 
| Recall     --> 0.9776 |
|                       |
| Threshold : 0.3       |
|                       |
| True_pos   -->    265 |
| False_neg  -->      3 | 
| Recall     --> 0.9888 |
 -----------------------
 ============
| Epoch 41/60 |
 ============
sample_duration : 8
660
max_frames : 40
Train Epoch: 41 	Loss: 23.326238	 lr : 0.000001
 ============
| Epoch 42/60 |
 ============
sample_duration : 8
660
max_frames : 40
Train Epoch: 42 	Loss: 26.592599	 lr : 0.000001
 ============
| Epoch 43/60 |
 ============
sample_duration : 8
660
max_frames : 40
Train Epoch: 43 	Loss: 28.436193	 lr : 0.000001
 ============
| Epoch 44/60 |
 ============
sample_duration : 8
660
max_frames : 40
Train Epoch: 44 	Loss: 26.865089	 lr : 0.000001
 ============
| Epoch 45/60 |
 ============
sample_duration : 8
660
max_frames : 40
Train Epoch: 45 	Loss: 23.099261	 lr : 0.000000
 ============
| Validation 45/60 |
 ============
268
max_frames : 40
 -----------------------
| Validation Epoch:  45 | 
|                       |
| Proposed Action Tubes |
|                       |
| Single frame          |
|                       |
| In     66 steps    :  |
|                       |
| Threshold : 0.5       |
|                       |
| True_pos   -->    249 |
| False_neg  -->     19 | 
| Recall     --> 0.9291 |
|                       |
| Threshold : 0.4       |
|                       |
| True_pos   -->    263 |
| False_neg  -->      5 | 
| Recall     --> 0.9813 |
|                       |
| Threshold : 0.3       |
|                       |
| True_pos   -->    268 |
| False_neg  -->      0 | 
| Recall     --> 1.0000 |
 -----------------------
 ============
| Epoch 46/60 |
 ============
sample_duration : 8
660
max_frames : 40
Train Epoch: 46 	Loss: 27.286868	 lr : 0.000000
 ============
| Epoch 47/60 |
 ============
sample_duration : 8
660
max_frames : 40
Train Epoch: 47 	Loss: 34.975532	 lr : 0.000000
 ============
| Epoch 48/60 |
 ============
sample_duration : 8
660
max_frames : 40
Train Epoch: 48 	Loss: 25.419111	 lr : 0.000000
 ============
| Epoch 49/60 |
 ============
sample_duration : 8
660
max_frames : 40
Train Epoch: 49 	Loss: 22.868695	 lr : 0.000000
 ============
| Epoch 50/60 |
 ============
sample_duration : 8
660
max_frames : 40
Train Epoch: 50 	Loss: 32.969120	 lr : 0.000000
 ============
| Validation 50/60 |
 ============
268
max_frames : 40
 -----------------------
| Validation Epoch:  50 | 
|                       |
| Proposed Action Tubes |
|                       |
| Single frame          |
|                       |
| In     66 steps    :  |
|                       |
| Threshold : 0.5       |
|                       |
| True_pos   -->    254 |
| False_neg  -->     14 | 
| Recall     --> 0.9478 |
|                       |
| Threshold : 0.4       |
|                       |
| True_pos   -->    263 |
| False_neg  -->      5 | 
| Recall     --> 0.9813 |
|                       |
| Threshold : 0.3       |
|                       |
| True_pos   -->    267 |
| False_neg  -->      1 | 
| Recall     --> 0.9963 |
 -----------------------
 ============
| Epoch 51/60 |
 ============
sample_duration : 8
660
max_frames : 40
Train Epoch: 51 	Loss: 26.991302	 lr : 0.000000
 ============
| Epoch 52/60 |
 ============
sample_duration : 8
660
max_frames : 40
Train Epoch: 52 	Loss: 24.538386	 lr : 0.000000
 ============
| Epoch 53/60 |
 ============
sample_duration : 8
660
max_frames : 40
Train Epoch: 53 	Loss: 25.740033	 lr : 0.000000
 ============
| Epoch 54/60 |
 ============
sample_duration : 8
660
max_frames : 40
Train Epoch: 54 	Loss: 24.396601	 lr : 0.000000
 ============
| Epoch 55/60 |
 ============
sample_duration : 8
660
max_frames : 40
Train Epoch: 55 	Loss: 25.667290	 lr : 0.000000
 ============
| Validation 55/60 |
 ============
268
max_frames : 40
 -----------------------
| Validation Epoch:  55 | 
|                       |
| Proposed Action Tubes |
|                       |
| Single frame          |
|                       |
| In     66 steps    :  |
|                       |
| Threshold : 0.5       |
|                       |
| True_pos   -->    253 |
| False_neg  -->     15 | 
| Recall     --> 0.9440 |
|                       |
| Threshold : 0.4       |
|                       |
| True_pos   -->    264 |
| False_neg  -->      4 | 
| Recall     --> 0.9851 |
|                       |
| Threshold : 0.3       |
|                       |
| True_pos   -->    268 |
| False_neg  -->      0 | 
| Recall     --> 1.0000 |
 -----------------------
 ============
| Epoch 56/60 |
 ============
sample_duration : 8
660
max_frames : 40
Train Epoch: 56 	Loss: 26.486050	 lr : 0.000000
 ============
| Epoch 57/60 |
 ============
sample_duration : 8
660
max_frames : 40
Train Epoch: 57 	Loss: 26.874934	 lr : 0.000000
 ============
| Epoch 58/60 |
 ============
sample_duration : 8
660
max_frames : 40
Train Epoch: 58 	Loss: 23.299516	 lr : 0.000000
 ============
| Epoch 59/60 |
 ============
sample_duration : 8
660
max_frames : 40
Train Epoch: 59 	Loss: 29.486928	 lr : 0.000000
 ============
| Epoch 60/60 |
 ============
sample_duration : 8
660
max_frames : 40
Train Epoch: 60 	Loss: 27.404371	 lr : 0.000000
 ============
| Validation 60/60 |
 ============
268
max_frames : 40
 -----------------------
| Validation Epoch:  60 | 
|                       |
| Proposed Action Tubes |
|                       |
| Single frame          |
|                       |
| In     66 steps    :  |
|                       |
| Threshold : 0.5       |
|                       |
| True_pos   -->    251 |
| False_neg  -->     17 | 
| Recall     --> 0.9366 |
|                       |
| Threshold : 0.4       |
|                       |
| True_pos   -->    264 |
| False_neg  -->      4 | 
| Recall     --> 0.9851 |
|                       |
| Threshold : 0.3       |
|                       |
| True_pos   -->    266 |
| False_neg  -->      2 | 
| Recall     --> 0.9925 |
 -----------------------
