Loading pretrained weights from /gpu-data2/sgal/resnet-34-kinetics.pth
Using 2 GPUs!
660
max_time_dim : 40
[0, 8, 16]
self.max_time_dim : 3
key : module.prob.weight
key : module.prob.bias
 ============
| Epoch 01/60 |
 ============
n_frames : 16
n_frames : 16
n_frames : 15
n_frames : 15
n_frames : 16
n_frames : 16
n_frames : 15
n_frames : 15
n_frames : 15
n_frames : 16
n_frames : 16
n_frames : 16
n_frames : 15
Train Epoch: 1 	Loss: 3.513069	 lr : 0.100000
 ============
| Epoch 02/60 |
 ============
/home/sgal/miniconda3/lib/python3.7/site-packages/torch/nn/parallel/_functions.py:58: UserWarning: Was asked to gather along dimension 0, but all input tensors were scalars; will instead unsqueeze and return a vector.
  warnings.warn('Was asked to gather along dimension 0, but all '
n_frames : 15
n_frames : 16
n_frames : 16
n_frames : 16
n_frames : 15
n_frames : 15
n_frames : 15
Train Epoch: 2 	Loss: 3.284613	 lr : 0.100000
 ============
| Epoch 03/60 |
 ============
n_frames : 16
n_frames : 16
n_frames : 15
n_frames : 16
n_frames : 16
n_frames : 15
n_frames : 16
n_frames : 16
n_frames : 15
n_frames : 16
n_frames : 16
n_frames : 16
n_frames : 16
n_frames : 15
n_frames : 15
n_frames : 16
n_frames : 15
n_frames : 15
n_frames : 15
Train Epoch: 3 	Loss: 3.417567	 lr : 0.100000
 ============
| Epoch 04/60 |
 ============
n_frames : 16
n_frames : 16
n_frames : 16
n_frames : 16
n_frames : 15
n_frames : 15
n_frames : 15
n_frames : 15
n_frames : 16
n_frames : 15
n_frames : 16
n_frames : 15
n_frames : 16
Train Epoch: 4 	Loss: 3.281849	 lr : 0.100000
 ============
| Epoch 05/60 |
 ============
(ep + 1) / 5: 0
time to reduce learning rate : 0.1
n_frames : 15
n_frames : 16
n_frames : 16
n_frames : 16
n_frames : 16
n_frames : 16
n_frames : 15
n_frames : 15
n_frames : 15
n_frames : 15
n_frames : 16
n_frames : 16
n_frames : 15
Train Epoch: 5 	Loss: 2.705300	 lr : 0.010000
268
max_time_dim : 40
[0, 8, 16]
self.max_time_dim : 3
n_frames : 15
n_frames : 15
n_frames : 16
n_frames : 16
 ------------------- 
|  In    133 steps  |
|                   |
|  Correct :     29 |
 ------------------- 
 ============
| Epoch 06/60 |
 ============
n_frames : 15
n_frames : 16
n_frames : 16
n_frames : 15
n_frames : 16
n_frames : 16
n_frames : 16
n_frames : 15
n_frames : 15
n_frames : 16
n_frames : 15
n_frames : 15
n_frames : 16
Train Epoch: 6 	Loss: 2.715418	 lr : 0.010000
 ============
| Epoch 07/60 |
 ============
n_frames : 16
n_frames : 16
n_frames : 16
n_frames : 16
n_frames : 15
n_frames : 16
n_frames : 16
n_frames : 15
n_frames : 15
n_frames : 16
n_frames : 15
n_frames : 15
n_frames : 15
Train Epoch: 7 	Loss: 2.699402	 lr : 0.010000
 ============
| Epoch 08/60 |
 ============
n_frames : 16
n_frames : 15
n_frames : 15
n_frames : 16
n_frames : 15
n_frames : 16
n_frames : 16
n_frames : 15
n_frames : 15
n_frames : 16
n_frames : 15
n_frames : 16
n_frames : 16
Train Epoch: 8 	Loss: 2.700264	 lr : 0.010000
 ============
| Epoch 09/60 |
 ============
n_frames : 16
n_frames : 16
n_frames : 15
n_frames : 16
n_frames : 15
n_frames : 16
n_frames : 16
n_frames : 16
Train Epoch: 9 	Loss: 2.691516	 lr : 0.010000
 ============
| Epoch 10/60 |
 ============
(ep + 1) / 5: 1
time to reduce learning rate : 1.0
n_frames : 16
n_frames : 15
n_frames : 15
n_frames : 15
n_frames : 15
n_frames : 15
n_frames : 15
n_frames : 16
n_frames : 16
n_frames : 16
n_frames : 16
n_frames : 16
n_frames : 16
n_frames : 15
n_frames : 15
n_frames : 16
n_frames : 15
n_frames : 15
Train Epoch: 10 	Loss: 2.700726	 lr : 0.010000
268
max_time_dim : 40
[0, 8, 16]
self.max_time_dim : 3
n_frames : 16
n_frames : 15
n_frames : 16
n_frames : 15
 ------------------- 
|  In    133 steps  |
|                   |
|  Correct :     51 |
 ------------------- 
 ============
| Epoch 11/60 |
 ============
n_frames : 15
n_frames : 16
n_frames : 16
n_frames : 16
n_frames : 15
n_frames : 15
n_frames : 16
n_frames : 15
n_frames : 16
n_frames : 16
n_frames : 16
n_frames : 15
n_frames : 15
Train Epoch: 11 	Loss: 2.692791	 lr : 0.010000
 ============
| Epoch 12/60 |
 ============
n_frames : 15
n_frames : 15
n_frames : 15
n_frames : 16
n_frames : 16
n_frames : 16
n_frames : 15
n_frames : 16
n_frames : 15
n_frames : 16
n_frames : 16
n_frames : 16
n_frames : 15
Train Epoch: 12 	Loss: 2.688612	 lr : 0.010000
 ============
| Epoch 13/60 |
 ============
n_frames : 16
n_frames : 16
n_frames : 16
n_frames : 16
n_frames : 15
n_frames : 15
n_frames : 15
n_frames : 15
n_frames : 16
n_frames : 16
n_frames : 15
n_frames : 16
n_frames : 15
Train Epoch: 13 	Loss: 2.692322	 lr : 0.010000
 ============
| Epoch 14/60 |
 ============
n_frames : 15
n_frames : 16
n_frames : 16
n_frames : 15
n_frames : 16
n_frames : 16
n_frames : 16
n_frames : 15
n_frames : 15
n_frames : 16
n_frames : 15
n_frames : 15
n_frames : 16
Train Epoch: 14 	Loss: 2.707099	 lr : 0.010000
 ============
| Epoch 15/60 |
 ============
(ep + 1) / 5: 2
time to reduce learning rate : 1.0
n_frames : 16
n_frames : 15
n_frames : 16
n_frames : 15
n_frames : 15
n_frames : 15
n_frames : 16
n_frames : 15
n_frames : 16
n_frames : 15
n_frames : 16
n_frames : 16
n_frames : 16
Train Epoch: 15 	Loss: 2.704665	 lr : 0.010000
268
max_time_dim : 40
[0, 8, 16]
self.max_time_dim : 3
n_frames : 15
n_frames : 16
n_frames : 16
n_frames : 15
 ------------------- 
|  In    133 steps  |
|                   |
|  Correct :     29 |
 ------------------- 
 ============
| Epoch 16/60 |
 ============
n_frames : 16
n_frames : 15
n_frames : 16
n_frames : 15
n_frames : 15
n_frames : 16
n_frames : 15
n_frames : 15
n_frames : 15
n_frames : 16
n_frames : 16
n_frames : 16
n_frames : 16
Train Epoch: 16 	Loss: 2.697669	 lr : 0.010000
 ============
| Epoch 17/60 |
 ============
n_frames : 16
n_frames : 15
n_frames : 15
n_frames : 16
n_frames : 15
n_frames : 15
n_frames : 15
n_frames : 16
n_frames : 15
n_frames : 16
n_frames : 16
n_frames : 16
n_frames : 16
Train Epoch: 17 	Loss: 2.694590	 lr : 0.010000
 ============
| Epoch 18/60 |
 ============
n_frames : 15
n_frames : 15
n_frames : 16
n_frames : 16
n_frames : 16
n_frames : 16
n_frames : 15
n_frames : 16
n_frames : 15
n_frames : 15
n_frames : 15
n_frames : 16
n_frames : 16
Train Epoch: 18 	Loss: 2.707115	 lr : 0.010000
 ============
| Epoch 19/60 |
 ============
n_frames : 16
n_frames : 16
n_frames : 16
n_frames : 16
n_frames : 15
n_frames : 15
n_frames : 16
n_frames : 15
n_frames : 16
n_frames : 15
n_frames : 16
n_frames : 15
n_frames : 15
Train Epoch: 19 	Loss: 2.688291	 lr : 0.010000
 ============
| Epoch 20/60 |
 ============
(ep + 1) / 5: 3
time to reduce learning rate : 0.1
n_frames : 16
n_frames : 16
n_frames : 15
n_frames : 15
n_frames : 16
n_frames : 16
n_frames : 15
n_frames : 15
n_frames : 16
n_frames : 15
n_frames : 15
n_frames : 16
n_frames : 16
Train Epoch: 20 	Loss: 2.649883	 lr : 0.001000
268
max_time_dim : 40
[0, 8, 16]
self.max_time_dim : 3
n_frames : 16
n_frames : 16
n_frames : 15
n_frames : 15
 ------------------- 
|  In    133 steps  |
|                   |
|  Correct :     51 |
 ------------------- 
 ============
| Epoch 21/60 |
 ============
n_frames : 15
n_frames : 15
n_frames : 15
n_frames : 15
n_frames : 16
n_frames : 16
n_frames : 16
n_frames : 16
n_frames : 16
n_frames : 15
n_frames : 16
n_frames : 16
n_frames : 15
Train Epoch: 21 	Loss: 2.622009	 lr : 0.001000
 ============
| Epoch 22/60 |
 ============
n_frames : 16
n_frames : 16
n_frames : 15
n_frames : 15
n_frames : 15
n_frames : 15
n_frames : 15
n_frames : 16
n_frames : 16
n_frames : 16
n_frames : 16
n_frames : 15
n_frames : 16
Train Epoch: 22 	Loss: 2.618557	 lr : 0.001000
 ============
| Epoch 23/60 |
 ============
n_frames : 16
n_frames : 16
n_frames : 15
n_frames : 16
n_frames : 16
n_frames : 16
n_frames : 16
n_frames : 16
n_frames : 15
n_frames : 15
n_frames : 15
n_frames : 15
n_frames : 15
Train Epoch: 23 	Loss: 2.617810	 lr : 0.001000
 ============
| Epoch 24/60 |
 ============
n_frames : 15
n_frames : 16
n_frames : 16
n_frames : 16
n_frames : 16
n_frames : 15
n_frames : 16
n_frames : 15
n_frames : 16
n_frames : 15
n_frames : 16
n_frames : 15
n_frames : 15
Train Epoch: 24 	Loss: 2.617516	 lr : 0.001000
 ============
| Epoch 25/60 |
 ============
(ep + 1) / 5: 4
time to reduce learning rate : 1.0
n_frames : 16
n_frames : 16
n_frames : 16
n_frames : 16
n_frames : 16
n_frames : 15
n_frames : 16
n_frames : 15
n_frames : 15
n_frames : 15
n_frames : 15
n_frames : 16
n_frames : 15
Train Epoch: 25 	Loss: 2.618089	 lr : 0.001000
268
max_time_dim : 40
[0, 8, 16]
self.max_time_dim : 3
n_frames : 15
n_frames : 16
n_frames : 16
n_frames : 15
 ------------------- 
|  In    133 steps  |
|                   |
|  Correct :     71 |
 ------------------- 
 ============
| Epoch 26/60 |
 ============
n_frames : 16
n_frames : 16
n_frames : 16
n_frames : 16
n_frames : 15
n_frames : 15
n_frames : 16
n_frames : 16
n_frames : 16
n_frames : 15
n_frames : 15
n_frames : 15
n_frames : 15
Train Epoch: 26 	Loss: 2.617933	 lr : 0.001000
 ============
| Epoch 27/60 |
 ============
n_frames : 16
n_frames : 16
n_frames : 15
n_frames : 16
n_frames : 16
n_frames : 16
n_frames : 16
n_frames : 15
n_frames : 15
n_frames : 16
n_frames : 15
n_frames : 15
n_frames : 15
Train Epoch: 27 	Loss: 2.617968	 lr : 0.001000
 ============
| Epoch 28/60 |
 ============
n_frames : 16
n_frames : 16
n_frames : 16
n_frames : 15
n_frames : 16
n_frames : 15
n_frames : 15
n_frames : 16
n_frames : 15
n_frames : 15
n_frames : 16
n_frames : 16
n_frames : 15
Train Epoch: 28 	Loss: 2.618465	 lr : 0.001000
 ============
| Epoch 29/60 |
 ============
n_frames : 16
n_frames : 16
n_frames : 15
n_frames : 15
n_frames : 16
n_frames : 15
n_frames : 16
n_frames : 15
n_frames : 16
n_frames : 16
n_frames : 15
n_frames : 16
n_frames : 15
Train Epoch: 29 	Loss: 2.617085	 lr : 0.001000
 ============
| Epoch 30/60 |
 ============
(ep + 1) / 5: 5
time to reduce learning rate : 1.0
n_frames : 15
n_frames : 15
n_frames : 15
n_frames : 16
n_frames : 15
n_frames : 16
n_frames : 16
n_frames : 16
n_frames : 16
n_frames : 15
n_frames : 16
n_frames : 16
n_frames : 15
Train Epoch: 30 	Loss: 2.618464	 lr : 0.001000
268
max_time_dim : 40
[0, 8, 16]
self.max_time_dim : 3
n_frames : 16
n_frames : 15
n_frames : 16
n_frames : 15
 ------------------- 
|  In    133 steps  |
|                   |
|  Correct :     53 |
 ------------------- 
 ============
| Epoch 31/60 |
 ============
n_frames : 16
n_frames : 15
n_frames : 16
n_frames : 15
n_frames : 16
n_frames : 15
n_frames : 16
n_frames : 15
n_frames : 16
n_frames : 15
n_frames : 16
n_frames : 16
n_frames : 15
Train Epoch: 31 	Loss: 2.617249	 lr : 0.001000
 ============
| Epoch 32/60 |
 ============
n_frames : 16
n_frames : 15
n_frames : 16
n_frames : 16
n_frames : 15
n_frames : 16
n_frames : 16
n_frames : 15
n_frames : 16
n_frames : 15
n_frames : 15
n_frames : 16
n_frames : 15
Train Epoch: 32 	Loss: 2.617263	 lr : 0.001000
 ============
| Epoch 33/60 |
 ============
n_frames : 15
n_frames : 16
n_frames : 15
n_frames : 16
n_frames : 16
n_frames : 15
n_frames : 16
n_frames : 16
n_frames : 15
n_frames : 16
n_frames : 16
n_frames : 15
n_frames : 15
Train Epoch: 33 	Loss: 2.616955	 lr : 0.001000
 ============
| Epoch 34/60 |
 ============
n_frames : 16
n_frames : 16
n_frames : 16
n_frames : 15
n_frames : 15
n_frames : 15
n_frames : 16
n_frames : 16
n_frames : 15
n_frames : 16
n_frames : 15
n_frames : 16
n_frames : 15
Train Epoch: 34 	Loss: 2.617412	 lr : 0.001000
 ============
| Epoch 35/60 |
 ============
(ep + 1) / 5: 6
time to reduce learning rate : 1.0
n_frames : 15
n_frames : 16
n_frames : 15
n_frames : 15
n_frames : 16
n_frames : 15
n_frames : 15
n_frames : 16
n_frames : 16
n_frames : 16
n_frames : 16
n_frames : 15
n_frames : 16
Train Epoch: 35 	Loss: 2.617871	 lr : 0.001000
268
max_time_dim : 40
[0, 8, 16]
self.max_time_dim : 3
n_frames : 16
n_frames : 15
n_frames : 15
n_frames : 16
 ------------------- 
|  In    133 steps  |
|                   |
|  Correct :     56 |
 ------------------- 
 ============
| Epoch 36/60 |
 ============
n_frames : 15
n_frames : 16
n_frames : 16
n_frames : 15
n_frames : 15
n_frames : 16
n_frames : 16
n_frames : 15
n_frames : 16
n_frames : 15
n_frames : 15
n_frames : 16
n_frames : 16
Train Epoch: 36 	Loss: 2.616627	 lr : 0.001000
 ============
| Epoch 37/60 |
 ============
n_frames : 16
n_frames : 16
n_frames : 15
n_frames : 16
n_frames : 16
n_frames : 15
n_frames : 16
n_frames : 15
Train Epoch: 37 	Loss: 2.618188	 lr : 0.001000
 ============
| Epoch 38/60 |
 ============
n_frames : 15
n_frames : 15
n_frames : 15
n_frames : 16
n_frames : 16
n_frames : 15
n_frames : 15
n_frames : 16
n_frames : 15
n_frames : 16
n_frames : 16
n_frames : 16
n_frames : 15
n_frames : 16
n_frames : 16
n_frames : 15
n_frames : 15
n_frames : 16
Train Epoch: 38 	Loss: 2.617798	 lr : 0.001000
 ============
| Epoch 39/60 |
 ============
n_frames : 15
n_frames : 16
n_frames : 15
n_frames : 15
n_frames : 16
n_frames : 15
n_frames : 16
n_frames : 16
n_frames : 15
n_frames : 16
n_frames : 15
n_frames : 16
n_frames : 16
Train Epoch: 39 	Loss: 2.617825	 lr : 0.001000
 ============
| Epoch 40/60 |
 ============
(ep + 1) / 5: 7
time to reduce learning rate : 0.1
n_frames : 16
n_frames : 15
n_frames : 16
n_frames : 16
n_frames : 16
n_frames : 15
n_frames : 15
n_frames : 16
n_frames : 16
n_frames : 15
n_frames : 16
n_frames : 15
n_frames : 15
Train Epoch: 40 	Loss: 2.606589	 lr : 0.000100
268
max_time_dim : 40
[0, 8, 16]
self.max_time_dim : 3
n_frames : 16
n_frames : 16
n_frames : 15
n_frames : 15
 ------------------- 
|  In    133 steps  |
|                   |
|  Correct :     62 |
 ------------------- 
 ============
| Epoch 41/60 |
 ============
n_frames : 16
n_frames : 16
n_frames : 15
n_frames : 15
n_frames : 15
n_frames : 16
n_frames : 16
n_frames : 16
n_frames : 15
n_frames : 16
n_frames : 15
n_frames : 16
n_frames : 15
Train Epoch: 41 	Loss: 2.606558	 lr : 0.000100
 ============
| Epoch 42/60 |
 ============
