nohup: ignoring input
Device being used: cuda:0
 -----------------------------------------------------
|          Part 1-1 - train TPN - without reg         |
 -----------------------------------------------------
Loading pretrained weights from ../resnet-34-kinetics.pth
key : module.cls.weight
key : module.cls.bias
key : module.top_net.0.0.conv1.weight
key : module.top_net.0.0.conv2.weight
key : module.top_net.0.1.conv1.weight
key : module.top_net.0.1.conv2.weight
key : module.top_net.0.2.conv1.weight
key : module.top_net.0.2.conv2.weight
 ============
| Epoch 01/60 |
 ============
len(dataset) : 2284
max_sim_actions : 9
max_frames : 641
Train Epoch: 1 	Loss: 1.744244	 lr : 0.001000
 ============
| Epoch 02/60 |
 ============
len(dataset) : 2284
max_sim_actions : 9
max_frames : 641
Train Epoch: 2 	Loss: 0.589765	 lr : 0.001000
 ============
| Epoch 03/60 |
 ============
len(dataset) : 2284
max_sim_actions : 9
max_frames : 641
Train Epoch: 3 	Loss: 0.552988	 lr : 0.001000
 ============
| Epoch 04/60 |
 ============
len(dataset) : 2284
max_sim_actions : 9
max_frames : 641
Train Epoch: 4 	Loss: 0.435320	 lr : 0.001000
 ============
| Epoch 05/60 |
 ============
len(dataset) : 2284
max_sim_actions : 9
max_frames : 641
Train Epoch: 5 	Loss: 0.472649	 lr : 0.001000
 ============
| Epoch 06/60 |
 ============
len(dataset) : 2284
max_sim_actions : 9
max_frames : 641
Train Epoch: 6 	Loss: 0.434808	 lr : 0.001000
 ============
| Epoch 07/60 |
 ============
len(dataset) : 2284
max_sim_actions : 9
max_frames : 641
Train Epoch: 7 	Loss: 0.476143	 lr : 0.001000
 ============
| Epoch 08/60 |
 ============
len(dataset) : 2284
max_sim_actions : 9
max_frames : 641
Train Epoch: 8 	Loss: 0.376210	 lr : 0.001000
 ============
| Epoch 09/60 |
 ============
len(dataset) : 2284
max_sim_actions : 9
max_frames : 641
Train Epoch: 9 	Loss: 0.385189	 lr : 0.001000
 ============
| Epoch 10/60 |
 ============
len(dataset) : 2284
max_sim_actions : 9
max_frames : 641
Train Epoch: 10 	Loss: 0.339954	 lr : 0.001000
 ============
| Epoch 11/60 |
 ============
len(dataset) : 2284
max_sim_actions : 9
max_frames : 641
Train Epoch: 11 	Loss: 0.265474	 lr : 0.001000
 ============
| Epoch 12/60 |
 ============
len(dataset) : 2284
max_sim_actions : 9
max_frames : 641
Train Epoch: 12 	Loss: 0.179687	 lr : 0.000100
 ============
| Epoch 13/60 |
 ============
len(dataset) : 2284
max_sim_actions : 9
max_frames : 641
Train Epoch: 13 	Loss: 0.045821	 lr : 0.000100
 ============
| Epoch 14/60 |
 ============
len(dataset) : 2284
max_sim_actions : 9
max_frames : 641
Train Epoch: 14 	Loss: 0.048970	 lr : 0.000100
 ============
| Epoch 15/60 |
 ============
len(dataset) : 2284
max_sim_actions : 9
max_frames : 641
Train Epoch: 15 	Loss: 0.056025	 lr : 0.000100
 ============
| Epoch 16/60 |
 ============
len(dataset) : 2284
max_sim_actions : 9
max_frames : 641
Train Epoch: 16 	Loss: 0.048366	 lr : 0.000100
 ============
| Epoch 17/60 |
 ============
len(dataset) : 2284
max_sim_actions : 9
max_frames : 641
Train Epoch: 17 	Loss: 0.043113	 lr : 0.000100
 ============
| Epoch 18/60 |
 ============
len(dataset) : 2284
max_sim_actions : 9
max_frames : 641
Train Epoch: 18 	Loss: 0.041917	 lr : 0.000100
 ============
| Epoch 19/60 |
 ============
len(dataset) : 2284
max_sim_actions : 9
max_frames : 641
Train Epoch: 19 	Loss: 0.031827	 lr : 0.000100
 ============
| Epoch 20/60 |
 ============
len(dataset) : 2284
max_sim_actions : 9
max_frames : 641
Train Epoch: 20 	Loss: 0.030631	 lr : 0.000100
 ============
| Epoch 21/60 |
 ============
len(dataset) : 2284
max_sim_actions : 9
max_frames : 641
Train Epoch: 21 	Loss: 0.035113	 lr : 0.000100
 ============
| Epoch 22/60 |
 ============
len(dataset) : 2284
max_sim_actions : 9
max_frames : 641
Train Epoch: 22 	Loss: 0.034623	 lr : 0.000100
 ============
| Epoch 23/60 |
 ============
len(dataset) : 2284
max_sim_actions : 9
max_frames : 641
Train Epoch: 23 	Loss: 0.040287	 lr : 0.000010
 ============
| Epoch 24/60 |
 ============
len(dataset) : 2284
max_sim_actions : 9
max_frames : 641
Train Epoch: 24 	Loss: 0.014584	 lr : 0.000010
 ============
| Epoch 25/60 |
 ============
len(dataset) : 2284
max_sim_actions : 9
max_frames : 641
Train Epoch: 25 	Loss: 0.014791	 lr : 0.000010
 ============
| Epoch 26/60 |
 ============
len(dataset) : 2284
max_sim_actions : 9
max_frames : 641
Train Epoch: 26 	Loss: 0.014625	 lr : 0.000010
 ============
| Epoch 27/60 |
 ============
len(dataset) : 2284
max_sim_actions : 9
max_frames : 641
Train Epoch: 27 	Loss: 0.016596	 lr : 0.000010
 ============
| Epoch 28/60 |
 ============
len(dataset) : 2284
max_sim_actions : 9
max_frames : 641
Train Epoch: 28 	Loss: 0.012003	 lr : 0.000010
 ============
| Epoch 29/60 |
 ============
len(dataset) : 2284
max_sim_actions : 9
max_frames : 641
Train Epoch: 29 	Loss: 0.007019	 lr : 0.000010
 ============
| Epoch 30/60 |
 ============
len(dataset) : 2284
max_sim_actions : 9
max_frames : 641
Train Epoch: 30 	Loss: 0.009548	 lr : 0.000010
 ============
| Epoch 31/60 |
 ============
len(dataset) : 2284
max_sim_actions : 9
max_frames : 641
Train Epoch: 31 	Loss: 0.011942	 lr : 0.000010
 ============
| Epoch 32/60 |
 ============
len(dataset) : 2284
max_sim_actions : 9
max_frames : 641
Train Epoch: 32 	Loss: 0.009549	 lr : 0.000010
 ============
| Epoch 33/60 |
 ============
len(dataset) : 2284
max_sim_actions : 9
max_frames : 641
Train Epoch: 33 	Loss: 0.009914	 lr : 0.000010
 ============
| Epoch 34/60 |
 ============
len(dataset) : 2284
max_sim_actions : 9
max_frames : 641
Train Epoch: 34 	Loss: 0.006729	 lr : 0.000001
 ============
| Epoch 35/60 |
 ============
len(dataset) : 2284
max_sim_actions : 9
max_frames : 641
Train Epoch: 35 	Loss: 0.007856	 lr : 0.000001
 ============
| Epoch 36/60 |
 ============
len(dataset) : 2284
max_sim_actions : 9
max_frames : 641
Train Epoch: 36 	Loss: 0.007160	 lr : 0.000001
 ============
| Epoch 37/60 |
 ============
len(dataset) : 2284
max_sim_actions : 9
max_frames : 641
Train Epoch: 37 	Loss: 0.005425	 lr : 0.000001
 ============
| Epoch 38/60 |
 ============
len(dataset) : 2284
max_sim_actions : 9
max_frames : 641
Train Epoch: 38 	Loss: 0.008282	 lr : 0.000001
 ============
| Epoch 39/60 |
 ============
len(dataset) : 2284
max_sim_actions : 9
max_frames : 641
Train Epoch: 39 	Loss: 0.012044	 lr : 0.000001
 ============
| Epoch 40/60 |
 ============
len(dataset) : 2284
max_sim_actions : 9
max_frames : 641
Train Epoch: 40 	Loss: 0.008962	 lr : 0.000001
 ============
| Epoch 41/60 |
 ============
len(dataset) : 2284
max_sim_actions : 9
max_frames : 641
Train Epoch: 41 	Loss: 0.005359	 lr : 0.000001
 ============
| Epoch 42/60 |
 ============
len(dataset) : 2284
max_sim_actions : 9
max_frames : 641
Train Epoch: 42 	Loss: 0.006017	 lr : 0.000001
 ============
| Epoch 43/60 |
 ============
len(dataset) : 2284
max_sim_actions : 9
max_frames : 641
Train Epoch: 43 	Loss: 0.009432	 lr : 0.000001
 ============
| Epoch 44/60 |
 ============
len(dataset) : 2284
max_sim_actions : 9
max_frames : 641
Train Epoch: 44 	Loss: 0.007521	 lr : 0.000001
 ============
| Epoch 45/60 |
 ============
len(dataset) : 2284
max_sim_actions : 9
max_frames : 641
Train Epoch: 45 	Loss: 0.006376	 lr : 0.000000
 ============
| Epoch 46/60 |
 ============
len(dataset) : 2284
max_sim_actions : 9
max_frames : 641
Train Epoch: 46 	Loss: 0.008184	 lr : 0.000000
 ============
| Epoch 47/60 |
 ============
len(dataset) : 2284
max_sim_actions : 9
max_frames : 641
Train Epoch: 47 	Loss: 0.006756	 lr : 0.000000
 ============
| Epoch 48/60 |
 ============
len(dataset) : 2284
max_sim_actions : 9
max_frames : 641
Train Epoch: 48 	Loss: 0.004995	 lr : 0.000000
 ============
| Epoch 49/60 |
 ============
len(dataset) : 2284
max_sim_actions : 9
max_frames : 641
Train Epoch: 49 	Loss: 0.007890	 lr : 0.000000
 ============
| Epoch 50/60 |
 ============
len(dataset) : 2284
max_sim_actions : 9
max_frames : 641
Train Epoch: 50 	Loss: 0.009603	 lr : 0.000000
 ============
| Epoch 51/60 |
 ============
len(dataset) : 2284
max_sim_actions : 9
max_frames : 641
Train Epoch: 51 	Loss: 0.005032	 lr : 0.000000
 ============
| Epoch 52/60 |
 ============
len(dataset) : 2284
max_sim_actions : 9
max_frames : 641
Train Epoch: 52 	Loss: 0.006310	 lr : 0.000000
 ============
| Epoch 53/60 |
 ============
len(dataset) : 2284
max_sim_actions : 9
max_frames : 641
Train Epoch: 53 	Loss: 0.006303	 lr : 0.000000
 ============
| Epoch 54/60 |
 ============
len(dataset) : 2284
max_sim_actions : 9
max_frames : 641
Train Epoch: 54 	Loss: 0.006797	 lr : 0.000000
 ============
| Epoch 55/60 |
 ============
len(dataset) : 2284
max_sim_actions : 9
max_frames : 641
Train Epoch: 55 	Loss: 0.008940	 lr : 0.000000
 ============
| Epoch 56/60 |
 ============
len(dataset) : 2284
max_sim_actions : 9
max_frames : 641
Train Epoch: 56 	Loss: 0.005092	 lr : 0.000000
 ============
| Epoch 57/60 |
 ============
len(dataset) : 2284
max_sim_actions : 9
max_frames : 641
Train Epoch: 57 	Loss: 0.006365	 lr : 0.000000
 ============
| Epoch 58/60 |
 ============
len(dataset) : 2284
max_sim_actions : 9
max_frames : 641
Train Epoch: 58 	Loss: 0.007101	 lr : 0.000000
 ============
| Epoch 59/60 |
 ============
len(dataset) : 2284
max_sim_actions : 9
max_frames : 641
Train Epoch: 59 	Loss: 0.006139	 lr : 0.000000
 ============
| Epoch 60/60 |
 ============
len(dataset) : 2284
max_sim_actions : 9
max_frames : 641
Train Epoch: 60 	Loss: 0.007202	 lr : 0.000000
